<?xml version="1.0" encoding="UTF-8" ?>
<testsuite failures="0" time="0.421" errors="0" skipped="0" tests="16" name="siena.base.test.GaeRelatedTest">
  <properties>
    <property name="java.runtime.name" value="Java(TM) SE Runtime Environment"/>
    <property name="sun.boot.library.path" value="/usr/lib/jvm/java-6-sun-1.6.0.24/jre/lib/amd64"/>
    <property name="java.vm.version" value="19.1-b02"/>
    <property name="java.vm.vendor" value="Sun Microsystems Inc."/>
    <property name="java.vendor.url" value="http://java.sun.com/"/>
    <property name="path.separator" value=":"/>
    <property name="java.vm.name" value="Java HotSpot(TM) 64-Bit Server VM"/>
    <property name="file.encoding.pkg" value="sun.io"/>
    <property name="user.country" value="US"/>
    <property name="sun.java.launcher" value="SUN_STANDARD"/>
    <property name="sun.os.patch.level" value="unknown"/>
    <property name="java.vm.specification.name" value="Java Virtual Machine Specification"/>
    <property name="user.dir" value="/home/mandubian/work/play/workspace/siena/source"/>
    <property name="java.runtime.version" value="1.6.0_24-b07"/>
    <property name="java.awt.graphicsenv" value="sun.awt.X11GraphicsEnvironment"/>
    <property name="basedir" value="/home/mandubian/work/play/workspace/siena/source"/>
    <property name="java.endorsed.dirs" value="/usr/lib/jvm/java-6-sun-1.6.0.24/jre/lib/endorsed"/>
    <property name="os.arch" value="amd64"/>
    <property name="surefire.real.class.path" value="/home/mandubian/work/play/workspace/siena/source/target/surefire/surefirebooter8823506980852822929.jar"/>
    <property name="java.io.tmpdir" value="/tmp"/>
    <property name="line.separator" value="
"/>
    <property name="java.vm.specification.vendor" value="Sun Microsystems Inc."/>
    <property name="os.name" value="Linux"/>
    <property name="sun.jnu.encoding" value="UTF-8"/>
    <property name="java.library.path" value="/usr/lib/jvm/java-6-sun-1.6.0.24/jre/lib/amd64/server:/usr/lib/jvm/java-6-sun-1.6.0.24/jre/lib/amd64:/usr/lib/jvm/java-6-sun-1.6.0.24/jre/../lib/amd64:/usr/lib64/xulrunner-addons:/usr/java/packages/lib/amd64:/usr/lib64:/lib64:/lib:/usr/lib"/>
    <property name="surefire.test.class.path" value="/home/mandubian/work/play/workspace/siena/source/target/test-classes:/home/mandubian/work/play/workspace/siena/source/target/classes:/home/mandubian/.m2/repository/dom4j/dom4j/1.6.1/dom4j-1.6.1.jar:/home/mandubian/.m2/repository/xml-apis/xml-apis/1.0.b2/xml-apis-1.0.b2.jar:/home/mandubian/.m2/repository/junit/junit/3.8.2/junit-3.8.2.jar:/home/mandubian/.m2/repository/commons-dbcp/commons-dbcp/1.2.2/commons-dbcp-1.2.2.jar:/home/mandubian/.m2/repository/commons-pool/commons-pool/1.3/commons-pool-1.3.jar:/home/mandubian/.m2/repository/org/apache/ddlutils/ddlutils/1.0/ddlutils-1.0.jar:/home/mandubian/.m2/repository/commons-beanutils/commons-beanutils/1.7.0/commons-beanutils-1.7.0.jar:/home/mandubian/.m2/repository/commons-betwixt/commons-betwixt/0.8/commons-betwixt-0.8.jar:/home/mandubian/.m2/repository/commons-beanutils/commons-beanutils-core/1.7.0/commons-beanutils-core-1.7.0.jar:/home/mandubian/.m2/repository/commons-codec/commons-codec/1.3/commons-codec-1.3.jar:/home/mandubian/.m2/repository/commons-collections/commons-collections/3.1/commons-collections-3.1.jar:/home/mandubian/.m2/repository/commons-digester/commons-digester/1.7/commons-digester-1.7.jar:/home/mandubian/.m2/repository/commons-lang/commons-lang/2.1/commons-lang-2.1.jar:/home/mandubian/.m2/repository/commons-logging/commons-logging-api/1.0.4/commons-logging-api-1.0.4.jar:/home/mandubian/.m2/repository/commons-logging/commons-logging/1.0.4/commons-logging-1.0.4.jar:/home/mandubian/.m2/repository/stax/stax-api/1.0.1/stax-api-1.0.1.jar:/home/mandubian/.m2/repository/oro/oro/2.0.8/oro-2.0.8.jar:/home/mandubian/.m2/repository/org/dbunit/dbunit/2.2/dbunit-2.2.jar:/home/mandubian/.m2/repository/junit-addons/junit-addons/1.4/junit-addons-1.4.jar:/home/mandubian/.m2/repository/xerces/xercesImpl/2.6.2/xercesImpl-2.6.2.jar:/home/mandubian/.m2/repository/xerces/xmlParserAPIs/2.6.2/xmlParserAPIs-2.6.2.jar:/home/mandubian/.m2/repository/poi/poi/2.5.1-final-20040804/poi-2.5.1-final-20040804.jar:/home/mandubian/.m2/repository/mysql/mysql-connector-java/5.1.6/mysql-connector-java-5.1.6.jar:/home/mandubian/.m2/repository/postgresql/postgresql/8.4-702.jdbc4/postgresql-8.4-702.jdbc4.jar:/home/mandubian/.m2/repository/org/drizzle/jdbc/drizzle-jdbc/1.0/drizzle-jdbc-1.0.jar:/home/mandubian/.m2/repository/com/google/appengine/appengine-tools-sdk/1.4.2/appengine-tools-sdk-1.4.2.jar:/home/mandubian/.m2/repository/com/google/appengine/appengine-api-1.0-sdk/1.4.2/appengine-api-1.0-sdk-1.4.2.jar:/home/mandubian/.m2/repository/com/google/appengine/appengine-testing/1.4.2/appengine-testing-1.4.2.jar:/home/mandubian/.m2/repository/com/google/appengine/appengine-api-labs/1.4.2/appengine-api-labs-1.4.2.jar:/home/mandubian/.m2/repository/com/google/appengine/appengine-api-stubs/1.4.2/appengine-api-stubs-1.4.2.jar:/home/mandubian/.m2/repository/org/apache/hbase/hbase/0.21.0-SNAPSHOT/hbase-0.21.0-SNAPSHOT.jar:/home/mandubian/.m2/repository/commons-cli/commons-cli/1.2/commons-cli-1.2.jar:/home/mandubian/.m2/repository/commons-httpclient/commons-httpclient/3.1/commons-httpclient-3.1.jar:/home/mandubian/.m2/repository/log4j/log4j/1.2.15/log4j-1.2.15.jar:/home/mandubian/.m2/repository/org/apache/thrift/thrift/0.2.0/thrift-0.2.0.jar:/home/mandubian/.m2/repository/org/slf4j/slf4j-api/1.4.3/slf4j-api-1.4.3.jar:/home/mandubian/.m2/repository/org/slf4j/slf4j-log4j12/1.4.3/slf4j-log4j12-1.4.3.jar:/home/mandubian/.m2/repository/com/google/guava/guava/r05/guava-r05.jar:/home/mandubian/.m2/repository/org/apache/hadoop/hadoop-core/0.20.2-with-200-826/hadoop-core-0.20.2-with-200-826.jar:/home/mandubian/.m2/repository/commons-net/commons-net/1.4.1/commons-net-1.4.1.jar:/home/mandubian/.m2/repository/javax/servlet/servlet-api/2.5/servlet-api-2.5.jar:/home/mandubian/.m2/repository/commons-el/commons-el/1.0/commons-el-1.0.jar:/home/mandubian/.m2/repository/org/eclipse/jdt/core/3.1.1/core-3.1.1.jar:/home/mandubian/.m2/repository/org/apache/ant/ant/1.7.0/ant-1.7.0.jar:/home/mandubian/.m2/repository/org/apache/ant/ant-launcher/1.7.0/ant-launcher-1.7.0.jar:/home/mandubian/.m2/repository/net/java/dev/jets3t/jets3t/0.6.1/jets3t-0.6.1.jar:/home/mandubian/.m2/repository/xmlenc/xmlenc/0.52/xmlenc-0.52.jar:/home/mandubian/.m2/repository/org/apache/hadoop/zookeeper/3.3.1/zookeeper-3.3.1.jar:/home/mandubian/.m2/repository/jline/jline/0.9.94/jline-0.9.94.jar:/home/mandubian/.m2/repository/org/mortbay/jetty/jetty/6.1.24/jetty-6.1.24.jar:/home/mandubian/.m2/repository/org/mortbay/jetty/servlet-api/2.5-20081211/servlet-api-2.5-20081211.jar:/home/mandubian/.m2/repository/org/mortbay/jetty/jetty-util/6.1.24/jetty-util-6.1.24.jar:/home/mandubian/.m2/repository/org/mortbay/jetty/servlet-api-2.5/6.1.14/servlet-api-2.5-6.1.14.jar:/home/mandubian/.m2/repository/org/mortbay/jetty/jsp-2.1/6.1.14/jsp-2.1-6.1.14.jar:/home/mandubian/.m2/repository/ant/ant/1.6.5/ant-1.6.5.jar:/home/mandubian/.m2/repository/org/mortbay/jetty/jsp-api-2.1/6.1.14/jsp-api-2.1-6.1.14.jar:/home/mandubian/.m2/repository/tomcat/jasper-runtime/5.5.23/jasper-runtime-5.5.23.jar:/home/mandubian/.m2/repository/tomcat/jasper-compiler/5.5.23/jasper-compiler-5.5.23.jar:/home/mandubian/.m2/repository/javax/servlet/jsp-api/2.0/jsp-api-2.0.jar:/home/mandubian/.m2/repository/org/jruby/jruby-complete/1.4.0/jruby-complete-1.4.0.jar:/home/mandubian/.m2/repository/com/google/protobuf/protobuf-java/2.3.0/protobuf-java-2.3.0.jar:/home/mandubian/.m2/repository/com/sun/jersey/jersey-core/1.1.5.1/jersey-core-1.1.5.1.jar:/home/mandubian/.m2/repository/com/sun/jersey/jersey-json/1.1.5.1/jersey-json-1.1.5.1.jar:/home/mandubian/.m2/repository/org/codehaus/jettison/jettison/1.1/jettison-1.1.jar:/home/mandubian/.m2/repository/com/sun/xml/bind/jaxb-impl/2.1.12/jaxb-impl-2.1.12.jar:/home/mandubian/.m2/repository/com/sun/jersey/jersey-server/1.1.5.1/jersey-server-1.1.5.1.jar:/home/mandubian/.m2/repository/asm/asm/3.1/asm-3.1.jar:/home/mandubian/.m2/repository/javax/xml/bind/jaxb-api/2.1/jaxb-api-2.1.jar:/home/mandubian/.m2/repository/javax/xml/stream/stax-api/1.0-2/stax-api-1.0-2.jar:/home/mandubian/.m2/repository/javax/activation/activation/1.1/activation-1.1.jar:/home/mandubian/.m2/repository/javax/ws/rs/jsr311-api/1.1.1/jsr311-api-1.1.1.jar:/home/mandubian/.m2/repository/org/apache/hadoop/avro/1.3.2/avro-1.3.2.jar:/home/mandubian/.m2/repository/com/thoughtworks/paranamer/paranamer/2.2/paranamer-2.2.jar:/home/mandubian/.m2/repository/com/thoughtworks/paranamer/paranamer-ant/2.2/paranamer-ant-2.2.jar:/home/mandubian/.m2/repository/com/thoughtworks/paranamer/paranamer-generator/2.2/paranamer-generator-2.2.jar:/home/mandubian/.m2/repository/com/thoughtworks/qdox/qdox/1.10.1/qdox-1.10.1.jar:/home/mandubian/.m2/repository/org/codehaus/jackson/jackson-core-asl/1.5.2/jackson-core-asl-1.5.2.jar:/home/mandubian/.m2/repository/org/codehaus/jackson/jackson-mapper-asl/1.5.2/jackson-mapper-asl-1.5.2.jar:/home/mandubian/.m2/repository/com/h2database/h2/1.3.154/h2-1.3.154.jar:/home/mandubian/.m2/repository/com/google/api/client/google-api-client/1.4.1-beta/google-api-client-1.4.1-beta.jar:/home/mandubian/.m2/repository/com/google/code/findbugs/jsr305/1.3.9/jsr305-1.3.9.jar:/home/mandubian/.m2/repository/com/google/code/gson/gson/1.6/gson-1.6.jar:/home/mandubian/.m2/repository/org/apache/httpcomponents/httpclient/4.0.3/httpclient-4.0.3.jar:/home/mandubian/.m2/repository/org/apache/httpcomponents/httpcore/4.0.1/httpcore-4.0.1.jar:/home/mandubian/.m2/repository/xpp3/xpp3/1.1.4c/xpp3-1.1.4c.jar:"/>
    <property name="java.specification.name" value="Java Platform API Specification"/>
    <property name="java.class.version" value="50.0"/>
    <property name="sun.management.compiler" value="HotSpot 64-Bit Server Compiler"/>
    <property name="os.version" value="2.6.32-33-server"/>
    <property name="user.home" value="/home/mandubian"/>
    <property name="user.timezone" value="Europe/Paris"/>
    <property name="java.awt.printerjob" value="sun.print.PSPrinterJob"/>
    <property name="file.encoding" value="UTF-8"/>
    <property name="java.specification.version" value="1.6"/>
    <property name="user.name" value="mandubian"/>
    <property name="java.class.path" value="/home/mandubian/work/play/workspace/siena/source/target/test-classes:/home/mandubian/work/play/workspace/siena/source/target/classes:/home/mandubian/.m2/repository/dom4j/dom4j/1.6.1/dom4j-1.6.1.jar:/home/mandubian/.m2/repository/xml-apis/xml-apis/1.0.b2/xml-apis-1.0.b2.jar:/home/mandubian/.m2/repository/junit/junit/3.8.2/junit-3.8.2.jar:/home/mandubian/.m2/repository/commons-dbcp/commons-dbcp/1.2.2/commons-dbcp-1.2.2.jar:/home/mandubian/.m2/repository/commons-pool/commons-pool/1.3/commons-pool-1.3.jar:/home/mandubian/.m2/repository/org/apache/ddlutils/ddlutils/1.0/ddlutils-1.0.jar:/home/mandubian/.m2/repository/commons-beanutils/commons-beanutils/1.7.0/commons-beanutils-1.7.0.jar:/home/mandubian/.m2/repository/commons-betwixt/commons-betwixt/0.8/commons-betwixt-0.8.jar:/home/mandubian/.m2/repository/commons-beanutils/commons-beanutils-core/1.7.0/commons-beanutils-core-1.7.0.jar:/home/mandubian/.m2/repository/commons-codec/commons-codec/1.3/commons-codec-1.3.jar:/home/mandubian/.m2/repository/commons-collections/commons-collections/3.1/commons-collections-3.1.jar:/home/mandubian/.m2/repository/commons-digester/commons-digester/1.7/commons-digester-1.7.jar:/home/mandubian/.m2/repository/commons-lang/commons-lang/2.1/commons-lang-2.1.jar:/home/mandubian/.m2/repository/commons-logging/commons-logging-api/1.0.4/commons-logging-api-1.0.4.jar:/home/mandubian/.m2/repository/commons-logging/commons-logging/1.0.4/commons-logging-1.0.4.jar:/home/mandubian/.m2/repository/stax/stax-api/1.0.1/stax-api-1.0.1.jar:/home/mandubian/.m2/repository/oro/oro/2.0.8/oro-2.0.8.jar:/home/mandubian/.m2/repository/org/dbunit/dbunit/2.2/dbunit-2.2.jar:/home/mandubian/.m2/repository/junit-addons/junit-addons/1.4/junit-addons-1.4.jar:/home/mandubian/.m2/repository/xerces/xercesImpl/2.6.2/xercesImpl-2.6.2.jar:/home/mandubian/.m2/repository/xerces/xmlParserAPIs/2.6.2/xmlParserAPIs-2.6.2.jar:/home/mandubian/.m2/repository/poi/poi/2.5.1-final-20040804/poi-2.5.1-final-20040804.jar:/home/mandubian/.m2/repository/mysql/mysql-connector-java/5.1.6/mysql-connector-java-5.1.6.jar:/home/mandubian/.m2/repository/postgresql/postgresql/8.4-702.jdbc4/postgresql-8.4-702.jdbc4.jar:/home/mandubian/.m2/repository/org/drizzle/jdbc/drizzle-jdbc/1.0/drizzle-jdbc-1.0.jar:/home/mandubian/.m2/repository/com/google/appengine/appengine-tools-sdk/1.4.2/appengine-tools-sdk-1.4.2.jar:/home/mandubian/.m2/repository/com/google/appengine/appengine-api-1.0-sdk/1.4.2/appengine-api-1.0-sdk-1.4.2.jar:/home/mandubian/.m2/repository/com/google/appengine/appengine-testing/1.4.2/appengine-testing-1.4.2.jar:/home/mandubian/.m2/repository/com/google/appengine/appengine-api-labs/1.4.2/appengine-api-labs-1.4.2.jar:/home/mandubian/.m2/repository/com/google/appengine/appengine-api-stubs/1.4.2/appengine-api-stubs-1.4.2.jar:/home/mandubian/.m2/repository/org/apache/hbase/hbase/0.21.0-SNAPSHOT/hbase-0.21.0-SNAPSHOT.jar:/home/mandubian/.m2/repository/commons-cli/commons-cli/1.2/commons-cli-1.2.jar:/home/mandubian/.m2/repository/commons-httpclient/commons-httpclient/3.1/commons-httpclient-3.1.jar:/home/mandubian/.m2/repository/log4j/log4j/1.2.15/log4j-1.2.15.jar:/home/mandubian/.m2/repository/org/apache/thrift/thrift/0.2.0/thrift-0.2.0.jar:/home/mandubian/.m2/repository/org/slf4j/slf4j-api/1.4.3/slf4j-api-1.4.3.jar:/home/mandubian/.m2/repository/org/slf4j/slf4j-log4j12/1.4.3/slf4j-log4j12-1.4.3.jar:/home/mandubian/.m2/repository/com/google/guava/guava/r05/guava-r05.jar:/home/mandubian/.m2/repository/org/apache/hadoop/hadoop-core/0.20.2-with-200-826/hadoop-core-0.20.2-with-200-826.jar:/home/mandubian/.m2/repository/commons-net/commons-net/1.4.1/commons-net-1.4.1.jar:/home/mandubian/.m2/repository/javax/servlet/servlet-api/2.5/servlet-api-2.5.jar:/home/mandubian/.m2/repository/commons-el/commons-el/1.0/commons-el-1.0.jar:/home/mandubian/.m2/repository/org/eclipse/jdt/core/3.1.1/core-3.1.1.jar:/home/mandubian/.m2/repository/org/apache/ant/ant/1.7.0/ant-1.7.0.jar:/home/mandubian/.m2/repository/org/apache/ant/ant-launcher/1.7.0/ant-launcher-1.7.0.jar:/home/mandubian/.m2/repository/net/java/dev/jets3t/jets3t/0.6.1/jets3t-0.6.1.jar:/home/mandubian/.m2/repository/xmlenc/xmlenc/0.52/xmlenc-0.52.jar:/home/mandubian/.m2/repository/org/apache/hadoop/zookeeper/3.3.1/zookeeper-3.3.1.jar:/home/mandubian/.m2/repository/jline/jline/0.9.94/jline-0.9.94.jar:/home/mandubian/.m2/repository/org/mortbay/jetty/jetty/6.1.24/jetty-6.1.24.jar:/home/mandubian/.m2/repository/org/mortbay/jetty/servlet-api/2.5-20081211/servlet-api-2.5-20081211.jar:/home/mandubian/.m2/repository/org/mortbay/jetty/jetty-util/6.1.24/jetty-util-6.1.24.jar:/home/mandubian/.m2/repository/org/mortbay/jetty/servlet-api-2.5/6.1.14/servlet-api-2.5-6.1.14.jar:/home/mandubian/.m2/repository/org/mortbay/jetty/jsp-2.1/6.1.14/jsp-2.1-6.1.14.jar:/home/mandubian/.m2/repository/ant/ant/1.6.5/ant-1.6.5.jar:/home/mandubian/.m2/repository/org/mortbay/jetty/jsp-api-2.1/6.1.14/jsp-api-2.1-6.1.14.jar:/home/mandubian/.m2/repository/tomcat/jasper-runtime/5.5.23/jasper-runtime-5.5.23.jar:/home/mandubian/.m2/repository/tomcat/jasper-compiler/5.5.23/jasper-compiler-5.5.23.jar:/home/mandubian/.m2/repository/javax/servlet/jsp-api/2.0/jsp-api-2.0.jar:/home/mandubian/.m2/repository/org/jruby/jruby-complete/1.4.0/jruby-complete-1.4.0.jar:/home/mandubian/.m2/repository/com/google/protobuf/protobuf-java/2.3.0/protobuf-java-2.3.0.jar:/home/mandubian/.m2/repository/com/sun/jersey/jersey-core/1.1.5.1/jersey-core-1.1.5.1.jar:/home/mandubian/.m2/repository/com/sun/jersey/jersey-json/1.1.5.1/jersey-json-1.1.5.1.jar:/home/mandubian/.m2/repository/org/codehaus/jettison/jettison/1.1/jettison-1.1.jar:/home/mandubian/.m2/repository/com/sun/xml/bind/jaxb-impl/2.1.12/jaxb-impl-2.1.12.jar:/home/mandubian/.m2/repository/com/sun/jersey/jersey-server/1.1.5.1/jersey-server-1.1.5.1.jar:/home/mandubian/.m2/repository/asm/asm/3.1/asm-3.1.jar:/home/mandubian/.m2/repository/javax/xml/bind/jaxb-api/2.1/jaxb-api-2.1.jar:/home/mandubian/.m2/repository/javax/xml/stream/stax-api/1.0-2/stax-api-1.0-2.jar:/home/mandubian/.m2/repository/javax/activation/activation/1.1/activation-1.1.jar:/home/mandubian/.m2/repository/javax/ws/rs/jsr311-api/1.1.1/jsr311-api-1.1.1.jar:/home/mandubian/.m2/repository/org/apache/hadoop/avro/1.3.2/avro-1.3.2.jar:/home/mandubian/.m2/repository/com/thoughtworks/paranamer/paranamer/2.2/paranamer-2.2.jar:/home/mandubian/.m2/repository/com/thoughtworks/paranamer/paranamer-ant/2.2/paranamer-ant-2.2.jar:/home/mandubian/.m2/repository/com/thoughtworks/paranamer/paranamer-generator/2.2/paranamer-generator-2.2.jar:/home/mandubian/.m2/repository/com/thoughtworks/qdox/qdox/1.10.1/qdox-1.10.1.jar:/home/mandubian/.m2/repository/org/codehaus/jackson/jackson-core-asl/1.5.2/jackson-core-asl-1.5.2.jar:/home/mandubian/.m2/repository/org/codehaus/jackson/jackson-mapper-asl/1.5.2/jackson-mapper-asl-1.5.2.jar:/home/mandubian/.m2/repository/com/h2database/h2/1.3.154/h2-1.3.154.jar:/home/mandubian/.m2/repository/com/google/api/client/google-api-client/1.4.1-beta/google-api-client-1.4.1-beta.jar:/home/mandubian/.m2/repository/com/google/code/findbugs/jsr305/1.3.9/jsr305-1.3.9.jar:/home/mandubian/.m2/repository/com/google/code/gson/gson/1.6/gson-1.6.jar:/home/mandubian/.m2/repository/org/apache/httpcomponents/httpclient/4.0.3/httpclient-4.0.3.jar:/home/mandubian/.m2/repository/org/apache/httpcomponents/httpcore/4.0.1/httpcore-4.0.1.jar:/home/mandubian/.m2/repository/xpp3/xpp3/1.1.4c/xpp3-1.1.4c.jar:"/>
    <property name="java.vm.specification.version" value="1.0"/>
    <property name="sun.arch.data.model" value="64"/>
    <property name="java.home" value="/usr/lib/jvm/java-6-sun-1.6.0.24/jre"/>
    <property name="java.specification.vendor" value="Sun Microsystems Inc."/>
    <property name="user.language" value="en"/>
    <property name="java.vm.info" value="mixed mode"/>
    <property name="java.version" value="1.6.0_24"/>
    <property name="java.ext.dirs" value="/usr/lib/jvm/java-6-sun-1.6.0.24/jre/lib/ext:/usr/java/packages/lib/ext"/>
    <property name="sun.boot.class.path" value="/usr/lib/jvm/java-6-sun-1.6.0.24/jre/lib/resources.jar:/usr/lib/jvm/java-6-sun-1.6.0.24/jre/lib/rt.jar:/usr/lib/jvm/java-6-sun-1.6.0.24/jre/lib/sunrsasign.jar:/usr/lib/jvm/java-6-sun-1.6.0.24/jre/lib/jsse.jar:/usr/lib/jvm/java-6-sun-1.6.0.24/jre/lib/jce.jar:/usr/lib/jvm/java-6-sun-1.6.0.24/jre/lib/charsets.jar:/usr/lib/jvm/java-6-sun-1.6.0.24/jre/lib/modules/jdk.boot.jar:/usr/lib/jvm/java-6-sun-1.6.0.24/jre/classes"/>
    <property name="java.vendor" value="Sun Microsystems Inc."/>
    <property name="localRepository" value="/home/mandubian/.m2/repository"/>
    <property name="file.separator" value="/"/>
    <property name="java.vendor.url.bug" value="http://java.sun.com/cgi-bin/bugreport.cgi"/>
    <property name="sun.cpu.endian" value="little"/>
    <property name="sun.io.unicode.encoding" value="UnicodeLittle"/>
    <property name="sun.desktop" value="gnome"/>
    <property name="sun.cpu.isalist" value=""/>
  </properties>
  <testcase time="0.107" classname="siena.base.test.GaeRelatedTest" name="testRelatedSimpleReference"/>
  <testcase time="0.038" classname="siena.base.test.GaeRelatedTest" name="testRelatedSimpleOwned"/>
  <testcase time="0.003" classname="siena.base.test.GaeRelatedTest" name="testRelatedSimpleOwnedNull"/>
  <testcase time="0.003" classname="siena.base.test.GaeRelatedTest" name="testRelatedSimpleOwnedUpdate"/>
  <testcase time="0.005" classname="siena.base.test.GaeRelatedTest" name="testRelatedSimpleOwnedUpdate2null"/>
  <testcase time="0.071" classname="siena.base.test.GaeRelatedTest" name="testRelatedSeveralQuery"/>
  <testcase time="0.031" classname="siena.base.test.GaeRelatedTest" name="testRelatedSeveralQueryLotsPaginate"/>
  <testcase time="0.017" classname="siena.base.test.GaeRelatedTest" name="testRelatedSeveralQueryNoAs"/>
  <testcase time="0.018" classname="siena.base.test.GaeRelatedTest" name="testRelatedManyOldInsertWay"/>
  <testcase time="0.002" classname="siena.base.test.GaeRelatedTest" name="testRelatedManyCascadeInsert"/>
  <testcase time="0.003" classname="siena.base.test.GaeRelatedTest" name="testRelatedManyCascadeInsertFetch"/>
  <testcase time="0.019" classname="siena.base.test.GaeRelatedTest" name="testRelatedManyCascadeInsertMany"/>
  <testcase time="0.014" classname="siena.base.test.GaeRelatedTest" name="testRelatedManyCascadeUpdateMany"/>
  <testcase time="0.015" classname="siena.base.test.GaeRelatedTest" name="testRelatedManyCascadeUpdateManyRemove"/>
  <testcase time="0.025" classname="siena.base.test.GaeRelatedTest" name="testRelatedManyCascadeUpdateManyAddEnd"/>
  <testcase time="0.046" classname="siena.base.test.GaeRelatedTest" name="testRelatedManyCascadeUpdateManyAddMiddle"/>
</testsuite>