<?xml version="1.0" encoding="UTF-8" ?>
<testsuite failures="0" time="2.633" errors="0" skipped="0" tests="265" name="siena.base.test.H2Test">
  <properties>
    <property name="java.runtime.name" value="Java(TM) SE Runtime Environment"/>
    <property name="sun.boot.library.path" value="/usr/lib/jvm/java-6-sun-1.6.0.24/jre/lib/amd64"/>
    <property name="java.vm.version" value="19.1-b02"/>
    <property name="java.vm.vendor" value="Sun Microsystems Inc."/>
    <property name="java.vendor.url" value="http://java.sun.com/"/>
    <property name="path.separator" value=":"/>
    <property name="java.vm.name" value="Java HotSpot(TM) 64-Bit Server VM"/>
    <property name="file.encoding.pkg" value="sun.io"/>
    <property name="user.country" value="US"/>
    <property name="sun.java.launcher" value="SUN_STANDARD"/>
    <property name="sun.os.patch.level" value="unknown"/>
    <property name="java.vm.specification.name" value="Java Virtual Machine Specification"/>
    <property name="user.dir" value="/home/mandubian/work/play/workspace/siena/source"/>
    <property name="java.runtime.version" value="1.6.0_24-b07"/>
    <property name="java.awt.graphicsenv" value="sun.awt.X11GraphicsEnvironment"/>
    <property name="basedir" value="/home/mandubian/work/play/workspace/siena/source"/>
    <property name="java.endorsed.dirs" value="/usr/lib/jvm/java-6-sun-1.6.0.24/jre/lib/endorsed"/>
    <property name="os.arch" value="amd64"/>
    <property name="surefire.real.class.path" value="/home/mandubian/work/play/workspace/siena/source/target/surefire/surefirebooter7936792190153138255.jar"/>
    <property name="java.io.tmpdir" value="/tmp"/>
    <property name="line.separator" value="
"/>
    <property name="java.vm.specification.vendor" value="Sun Microsystems Inc."/>
    <property name="os.name" value="Linux"/>
    <property name="sun.jnu.encoding" value="UTF-8"/>
    <property name="java.library.path" value="/usr/lib/jvm/java-6-sun-1.6.0.24/jre/lib/amd64/server:/usr/lib/jvm/java-6-sun-1.6.0.24/jre/lib/amd64:/usr/lib/jvm/java-6-sun-1.6.0.24/jre/../lib/amd64:/usr/lib64/xulrunner-addons:/usr/java/packages/lib/amd64:/usr/lib64:/lib64:/lib:/usr/lib"/>
    <property name="surefire.test.class.path" value="/home/mandubian/work/play/workspace/siena/source/target/test-classes:/home/mandubian/work/play/workspace/siena/source/target/classes:/home/mandubian/.m2/repository/dom4j/dom4j/1.6.1/dom4j-1.6.1.jar:/home/mandubian/.m2/repository/xml-apis/xml-apis/1.0.b2/xml-apis-1.0.b2.jar:/home/mandubian/.m2/repository/junit/junit/3.8.2/junit-3.8.2.jar:/home/mandubian/.m2/repository/commons-dbcp/commons-dbcp/1.2.2/commons-dbcp-1.2.2.jar:/home/mandubian/.m2/repository/commons-pool/commons-pool/1.3/commons-pool-1.3.jar:/home/mandubian/.m2/repository/org/apache/ddlutils/ddlutils/1.0/ddlutils-1.0.jar:/home/mandubian/.m2/repository/commons-beanutils/commons-beanutils/1.7.0/commons-beanutils-1.7.0.jar:/home/mandubian/.m2/repository/commons-betwixt/commons-betwixt/0.8/commons-betwixt-0.8.jar:/home/mandubian/.m2/repository/commons-beanutils/commons-beanutils-core/1.7.0/commons-beanutils-core-1.7.0.jar:/home/mandubian/.m2/repository/commons-codec/commons-codec/1.3/commons-codec-1.3.jar:/home/mandubian/.m2/repository/commons-collections/commons-collections/3.1/commons-collections-3.1.jar:/home/mandubian/.m2/repository/commons-digester/commons-digester/1.7/commons-digester-1.7.jar:/home/mandubian/.m2/repository/commons-lang/commons-lang/2.1/commons-lang-2.1.jar:/home/mandubian/.m2/repository/commons-logging/commons-logging-api/1.0.4/commons-logging-api-1.0.4.jar:/home/mandubian/.m2/repository/commons-logging/commons-logging/1.0.4/commons-logging-1.0.4.jar:/home/mandubian/.m2/repository/stax/stax-api/1.0.1/stax-api-1.0.1.jar:/home/mandubian/.m2/repository/oro/oro/2.0.8/oro-2.0.8.jar:/home/mandubian/.m2/repository/org/dbunit/dbunit/2.2/dbunit-2.2.jar:/home/mandubian/.m2/repository/junit-addons/junit-addons/1.4/junit-addons-1.4.jar:/home/mandubian/.m2/repository/xerces/xercesImpl/2.6.2/xercesImpl-2.6.2.jar:/home/mandubian/.m2/repository/xerces/xmlParserAPIs/2.6.2/xmlParserAPIs-2.6.2.jar:/home/mandubian/.m2/repository/poi/poi/2.5.1-final-20040804/poi-2.5.1-final-20040804.jar:/home/mandubian/.m2/repository/mysql/mysql-connector-java/5.1.6/mysql-connector-java-5.1.6.jar:/home/mandubian/.m2/repository/postgresql/postgresql/8.4-702.jdbc4/postgresql-8.4-702.jdbc4.jar:/home/mandubian/.m2/repository/org/drizzle/jdbc/drizzle-jdbc/1.0/drizzle-jdbc-1.0.jar:/home/mandubian/.m2/repository/com/google/appengine/appengine-tools-sdk/1.4.2/appengine-tools-sdk-1.4.2.jar:/home/mandubian/.m2/repository/com/google/appengine/appengine-api-1.0-sdk/1.4.2/appengine-api-1.0-sdk-1.4.2.jar:/home/mandubian/.m2/repository/com/google/appengine/appengine-testing/1.4.2/appengine-testing-1.4.2.jar:/home/mandubian/.m2/repository/com/google/appengine/appengine-api-labs/1.4.2/appengine-api-labs-1.4.2.jar:/home/mandubian/.m2/repository/com/google/appengine/appengine-api-stubs/1.4.2/appengine-api-stubs-1.4.2.jar:/home/mandubian/.m2/repository/org/apache/hbase/hbase/0.21.0-SNAPSHOT/hbase-0.21.0-SNAPSHOT.jar:/home/mandubian/.m2/repository/commons-cli/commons-cli/1.2/commons-cli-1.2.jar:/home/mandubian/.m2/repository/commons-httpclient/commons-httpclient/3.1/commons-httpclient-3.1.jar:/home/mandubian/.m2/repository/log4j/log4j/1.2.15/log4j-1.2.15.jar:/home/mandubian/.m2/repository/org/apache/thrift/thrift/0.2.0/thrift-0.2.0.jar:/home/mandubian/.m2/repository/org/slf4j/slf4j-api/1.4.3/slf4j-api-1.4.3.jar:/home/mandubian/.m2/repository/org/slf4j/slf4j-log4j12/1.4.3/slf4j-log4j12-1.4.3.jar:/home/mandubian/.m2/repository/com/google/guava/guava/r05/guava-r05.jar:/home/mandubian/.m2/repository/org/apache/hadoop/hadoop-core/0.20.2-with-200-826/hadoop-core-0.20.2-with-200-826.jar:/home/mandubian/.m2/repository/commons-net/commons-net/1.4.1/commons-net-1.4.1.jar:/home/mandubian/.m2/repository/javax/servlet/servlet-api/2.5/servlet-api-2.5.jar:/home/mandubian/.m2/repository/commons-el/commons-el/1.0/commons-el-1.0.jar:/home/mandubian/.m2/repository/org/eclipse/jdt/core/3.1.1/core-3.1.1.jar:/home/mandubian/.m2/repository/org/apache/ant/ant/1.7.0/ant-1.7.0.jar:/home/mandubian/.m2/repository/org/apache/ant/ant-launcher/1.7.0/ant-launcher-1.7.0.jar:/home/mandubian/.m2/repository/net/java/dev/jets3t/jets3t/0.6.1/jets3t-0.6.1.jar:/home/mandubian/.m2/repository/xmlenc/xmlenc/0.52/xmlenc-0.52.jar:/home/mandubian/.m2/repository/org/apache/hadoop/zookeeper/3.3.1/zookeeper-3.3.1.jar:/home/mandubian/.m2/repository/jline/jline/0.9.94/jline-0.9.94.jar:/home/mandubian/.m2/repository/org/mortbay/jetty/jetty/6.1.24/jetty-6.1.24.jar:/home/mandubian/.m2/repository/org/mortbay/jetty/servlet-api/2.5-20081211/servlet-api-2.5-20081211.jar:/home/mandubian/.m2/repository/org/mortbay/jetty/jetty-util/6.1.24/jetty-util-6.1.24.jar:/home/mandubian/.m2/repository/org/mortbay/jetty/servlet-api-2.5/6.1.14/servlet-api-2.5-6.1.14.jar:/home/mandubian/.m2/repository/org/mortbay/jetty/jsp-2.1/6.1.14/jsp-2.1-6.1.14.jar:/home/mandubian/.m2/repository/ant/ant/1.6.5/ant-1.6.5.jar:/home/mandubian/.m2/repository/org/mortbay/jetty/jsp-api-2.1/6.1.14/jsp-api-2.1-6.1.14.jar:/home/mandubian/.m2/repository/tomcat/jasper-runtime/5.5.23/jasper-runtime-5.5.23.jar:/home/mandubian/.m2/repository/tomcat/jasper-compiler/5.5.23/jasper-compiler-5.5.23.jar:/home/mandubian/.m2/repository/javax/servlet/jsp-api/2.0/jsp-api-2.0.jar:/home/mandubian/.m2/repository/org/jruby/jruby-complete/1.4.0/jruby-complete-1.4.0.jar:/home/mandubian/.m2/repository/com/google/protobuf/protobuf-java/2.3.0/protobuf-java-2.3.0.jar:/home/mandubian/.m2/repository/com/sun/jersey/jersey-core/1.1.5.1/jersey-core-1.1.5.1.jar:/home/mandubian/.m2/repository/com/sun/jersey/jersey-json/1.1.5.1/jersey-json-1.1.5.1.jar:/home/mandubian/.m2/repository/org/codehaus/jettison/jettison/1.1/jettison-1.1.jar:/home/mandubian/.m2/repository/com/sun/xml/bind/jaxb-impl/2.1.12/jaxb-impl-2.1.12.jar:/home/mandubian/.m2/repository/com/sun/jersey/jersey-server/1.1.5.1/jersey-server-1.1.5.1.jar:/home/mandubian/.m2/repository/asm/asm/3.1/asm-3.1.jar:/home/mandubian/.m2/repository/javax/xml/bind/jaxb-api/2.1/jaxb-api-2.1.jar:/home/mandubian/.m2/repository/javax/xml/stream/stax-api/1.0-2/stax-api-1.0-2.jar:/home/mandubian/.m2/repository/javax/activation/activation/1.1/activation-1.1.jar:/home/mandubian/.m2/repository/javax/ws/rs/jsr311-api/1.1.1/jsr311-api-1.1.1.jar:/home/mandubian/.m2/repository/org/apache/hadoop/avro/1.3.2/avro-1.3.2.jar:/home/mandubian/.m2/repository/com/thoughtworks/paranamer/paranamer/2.2/paranamer-2.2.jar:/home/mandubian/.m2/repository/com/thoughtworks/paranamer/paranamer-ant/2.2/paranamer-ant-2.2.jar:/home/mandubian/.m2/repository/com/thoughtworks/paranamer/paranamer-generator/2.2/paranamer-generator-2.2.jar:/home/mandubian/.m2/repository/com/thoughtworks/qdox/qdox/1.10.1/qdox-1.10.1.jar:/home/mandubian/.m2/repository/org/codehaus/jackson/jackson-core-asl/1.5.2/jackson-core-asl-1.5.2.jar:/home/mandubian/.m2/repository/org/codehaus/jackson/jackson-mapper-asl/1.5.2/jackson-mapper-asl-1.5.2.jar:/home/mandubian/.m2/repository/com/h2database/h2/1.3.154/h2-1.3.154.jar:/home/mandubian/.m2/repository/com/google/api/client/google-api-client/1.4.1-beta/google-api-client-1.4.1-beta.jar:/home/mandubian/.m2/repository/com/google/code/findbugs/jsr305/1.3.9/jsr305-1.3.9.jar:/home/mandubian/.m2/repository/com/google/code/gson/gson/1.6/gson-1.6.jar:/home/mandubian/.m2/repository/org/apache/httpcomponents/httpclient/4.0.3/httpclient-4.0.3.jar:/home/mandubian/.m2/repository/org/apache/httpcomponents/httpcore/4.0.1/httpcore-4.0.1.jar:/home/mandubian/.m2/repository/xpp3/xpp3/1.1.4c/xpp3-1.1.4c.jar:"/>
    <property name="java.specification.name" value="Java Platform API Specification"/>
    <property name="java.class.version" value="50.0"/>
    <property name="sun.management.compiler" value="HotSpot 64-Bit Server Compiler"/>
    <property name="os.version" value="2.6.32-33-server"/>
    <property name="user.home" value="/home/mandubian"/>
    <property name="user.timezone" value="Europe/Paris"/>
    <property name="java.awt.printerjob" value="sun.print.PSPrinterJob"/>
    <property name="file.encoding" value="UTF-8"/>
    <property name="java.specification.version" value="1.6"/>
    <property name="user.name" value="mandubian"/>
    <property name="java.class.path" value="/home/mandubian/work/play/workspace/siena/source/target/test-classes:/home/mandubian/work/play/workspace/siena/source/target/classes:/home/mandubian/.m2/repository/dom4j/dom4j/1.6.1/dom4j-1.6.1.jar:/home/mandubian/.m2/repository/xml-apis/xml-apis/1.0.b2/xml-apis-1.0.b2.jar:/home/mandubian/.m2/repository/junit/junit/3.8.2/junit-3.8.2.jar:/home/mandubian/.m2/repository/commons-dbcp/commons-dbcp/1.2.2/commons-dbcp-1.2.2.jar:/home/mandubian/.m2/repository/commons-pool/commons-pool/1.3/commons-pool-1.3.jar:/home/mandubian/.m2/repository/org/apache/ddlutils/ddlutils/1.0/ddlutils-1.0.jar:/home/mandubian/.m2/repository/commons-beanutils/commons-beanutils/1.7.0/commons-beanutils-1.7.0.jar:/home/mandubian/.m2/repository/commons-betwixt/commons-betwixt/0.8/commons-betwixt-0.8.jar:/home/mandubian/.m2/repository/commons-beanutils/commons-beanutils-core/1.7.0/commons-beanutils-core-1.7.0.jar:/home/mandubian/.m2/repository/commons-codec/commons-codec/1.3/commons-codec-1.3.jar:/home/mandubian/.m2/repository/commons-collections/commons-collections/3.1/commons-collections-3.1.jar:/home/mandubian/.m2/repository/commons-digester/commons-digester/1.7/commons-digester-1.7.jar:/home/mandubian/.m2/repository/commons-lang/commons-lang/2.1/commons-lang-2.1.jar:/home/mandubian/.m2/repository/commons-logging/commons-logging-api/1.0.4/commons-logging-api-1.0.4.jar:/home/mandubian/.m2/repository/commons-logging/commons-logging/1.0.4/commons-logging-1.0.4.jar:/home/mandubian/.m2/repository/stax/stax-api/1.0.1/stax-api-1.0.1.jar:/home/mandubian/.m2/repository/oro/oro/2.0.8/oro-2.0.8.jar:/home/mandubian/.m2/repository/org/dbunit/dbunit/2.2/dbunit-2.2.jar:/home/mandubian/.m2/repository/junit-addons/junit-addons/1.4/junit-addons-1.4.jar:/home/mandubian/.m2/repository/xerces/xercesImpl/2.6.2/xercesImpl-2.6.2.jar:/home/mandubian/.m2/repository/xerces/xmlParserAPIs/2.6.2/xmlParserAPIs-2.6.2.jar:/home/mandubian/.m2/repository/poi/poi/2.5.1-final-20040804/poi-2.5.1-final-20040804.jar:/home/mandubian/.m2/repository/mysql/mysql-connector-java/5.1.6/mysql-connector-java-5.1.6.jar:/home/mandubian/.m2/repository/postgresql/postgresql/8.4-702.jdbc4/postgresql-8.4-702.jdbc4.jar:/home/mandubian/.m2/repository/org/drizzle/jdbc/drizzle-jdbc/1.0/drizzle-jdbc-1.0.jar:/home/mandubian/.m2/repository/com/google/appengine/appengine-tools-sdk/1.4.2/appengine-tools-sdk-1.4.2.jar:/home/mandubian/.m2/repository/com/google/appengine/appengine-api-1.0-sdk/1.4.2/appengine-api-1.0-sdk-1.4.2.jar:/home/mandubian/.m2/repository/com/google/appengine/appengine-testing/1.4.2/appengine-testing-1.4.2.jar:/home/mandubian/.m2/repository/com/google/appengine/appengine-api-labs/1.4.2/appengine-api-labs-1.4.2.jar:/home/mandubian/.m2/repository/com/google/appengine/appengine-api-stubs/1.4.2/appengine-api-stubs-1.4.2.jar:/home/mandubian/.m2/repository/org/apache/hbase/hbase/0.21.0-SNAPSHOT/hbase-0.21.0-SNAPSHOT.jar:/home/mandubian/.m2/repository/commons-cli/commons-cli/1.2/commons-cli-1.2.jar:/home/mandubian/.m2/repository/commons-httpclient/commons-httpclient/3.1/commons-httpclient-3.1.jar:/home/mandubian/.m2/repository/log4j/log4j/1.2.15/log4j-1.2.15.jar:/home/mandubian/.m2/repository/org/apache/thrift/thrift/0.2.0/thrift-0.2.0.jar:/home/mandubian/.m2/repository/org/slf4j/slf4j-api/1.4.3/slf4j-api-1.4.3.jar:/home/mandubian/.m2/repository/org/slf4j/slf4j-log4j12/1.4.3/slf4j-log4j12-1.4.3.jar:/home/mandubian/.m2/repository/com/google/guava/guava/r05/guava-r05.jar:/home/mandubian/.m2/repository/org/apache/hadoop/hadoop-core/0.20.2-with-200-826/hadoop-core-0.20.2-with-200-826.jar:/home/mandubian/.m2/repository/commons-net/commons-net/1.4.1/commons-net-1.4.1.jar:/home/mandubian/.m2/repository/javax/servlet/servlet-api/2.5/servlet-api-2.5.jar:/home/mandubian/.m2/repository/commons-el/commons-el/1.0/commons-el-1.0.jar:/home/mandubian/.m2/repository/org/eclipse/jdt/core/3.1.1/core-3.1.1.jar:/home/mandubian/.m2/repository/org/apache/ant/ant/1.7.0/ant-1.7.0.jar:/home/mandubian/.m2/repository/org/apache/ant/ant-launcher/1.7.0/ant-launcher-1.7.0.jar:/home/mandubian/.m2/repository/net/java/dev/jets3t/jets3t/0.6.1/jets3t-0.6.1.jar:/home/mandubian/.m2/repository/xmlenc/xmlenc/0.52/xmlenc-0.52.jar:/home/mandubian/.m2/repository/org/apache/hadoop/zookeeper/3.3.1/zookeeper-3.3.1.jar:/home/mandubian/.m2/repository/jline/jline/0.9.94/jline-0.9.94.jar:/home/mandubian/.m2/repository/org/mortbay/jetty/jetty/6.1.24/jetty-6.1.24.jar:/home/mandubian/.m2/repository/org/mortbay/jetty/servlet-api/2.5-20081211/servlet-api-2.5-20081211.jar:/home/mandubian/.m2/repository/org/mortbay/jetty/jetty-util/6.1.24/jetty-util-6.1.24.jar:/home/mandubian/.m2/repository/org/mortbay/jetty/servlet-api-2.5/6.1.14/servlet-api-2.5-6.1.14.jar:/home/mandubian/.m2/repository/org/mortbay/jetty/jsp-2.1/6.1.14/jsp-2.1-6.1.14.jar:/home/mandubian/.m2/repository/ant/ant/1.6.5/ant-1.6.5.jar:/home/mandubian/.m2/repository/org/mortbay/jetty/jsp-api-2.1/6.1.14/jsp-api-2.1-6.1.14.jar:/home/mandubian/.m2/repository/tomcat/jasper-runtime/5.5.23/jasper-runtime-5.5.23.jar:/home/mandubian/.m2/repository/tomcat/jasper-compiler/5.5.23/jasper-compiler-5.5.23.jar:/home/mandubian/.m2/repository/javax/servlet/jsp-api/2.0/jsp-api-2.0.jar:/home/mandubian/.m2/repository/org/jruby/jruby-complete/1.4.0/jruby-complete-1.4.0.jar:/home/mandubian/.m2/repository/com/google/protobuf/protobuf-java/2.3.0/protobuf-java-2.3.0.jar:/home/mandubian/.m2/repository/com/sun/jersey/jersey-core/1.1.5.1/jersey-core-1.1.5.1.jar:/home/mandubian/.m2/repository/com/sun/jersey/jersey-json/1.1.5.1/jersey-json-1.1.5.1.jar:/home/mandubian/.m2/repository/org/codehaus/jettison/jettison/1.1/jettison-1.1.jar:/home/mandubian/.m2/repository/com/sun/xml/bind/jaxb-impl/2.1.12/jaxb-impl-2.1.12.jar:/home/mandubian/.m2/repository/com/sun/jersey/jersey-server/1.1.5.1/jersey-server-1.1.5.1.jar:/home/mandubian/.m2/repository/asm/asm/3.1/asm-3.1.jar:/home/mandubian/.m2/repository/javax/xml/bind/jaxb-api/2.1/jaxb-api-2.1.jar:/home/mandubian/.m2/repository/javax/xml/stream/stax-api/1.0-2/stax-api-1.0-2.jar:/home/mandubian/.m2/repository/javax/activation/activation/1.1/activation-1.1.jar:/home/mandubian/.m2/repository/javax/ws/rs/jsr311-api/1.1.1/jsr311-api-1.1.1.jar:/home/mandubian/.m2/repository/org/apache/hadoop/avro/1.3.2/avro-1.3.2.jar:/home/mandubian/.m2/repository/com/thoughtworks/paranamer/paranamer/2.2/paranamer-2.2.jar:/home/mandubian/.m2/repository/com/thoughtworks/paranamer/paranamer-ant/2.2/paranamer-ant-2.2.jar:/home/mandubian/.m2/repository/com/thoughtworks/paranamer/paranamer-generator/2.2/paranamer-generator-2.2.jar:/home/mandubian/.m2/repository/com/thoughtworks/qdox/qdox/1.10.1/qdox-1.10.1.jar:/home/mandubian/.m2/repository/org/codehaus/jackson/jackson-core-asl/1.5.2/jackson-core-asl-1.5.2.jar:/home/mandubian/.m2/repository/org/codehaus/jackson/jackson-mapper-asl/1.5.2/jackson-mapper-asl-1.5.2.jar:/home/mandubian/.m2/repository/com/h2database/h2/1.3.154/h2-1.3.154.jar:/home/mandubian/.m2/repository/com/google/api/client/google-api-client/1.4.1-beta/google-api-client-1.4.1-beta.jar:/home/mandubian/.m2/repository/com/google/code/findbugs/jsr305/1.3.9/jsr305-1.3.9.jar:/home/mandubian/.m2/repository/com/google/code/gson/gson/1.6/gson-1.6.jar:/home/mandubian/.m2/repository/org/apache/httpcomponents/httpclient/4.0.3/httpclient-4.0.3.jar:/home/mandubian/.m2/repository/org/apache/httpcomponents/httpcore/4.0.1/httpcore-4.0.1.jar:/home/mandubian/.m2/repository/xpp3/xpp3/1.1.4c/xpp3-1.1.4c.jar:"/>
    <property name="java.vm.specification.version" value="1.0"/>
    <property name="sun.arch.data.model" value="64"/>
    <property name="java.home" value="/usr/lib/jvm/java-6-sun-1.6.0.24/jre"/>
    <property name="java.specification.vendor" value="Sun Microsystems Inc."/>
    <property name="user.language" value="en"/>
    <property name="java.vm.info" value="mixed mode"/>
    <property name="java.version" value="1.6.0_24"/>
    <property name="java.ext.dirs" value="/usr/lib/jvm/java-6-sun-1.6.0.24/jre/lib/ext:/usr/java/packages/lib/ext"/>
    <property name="sun.boot.class.path" value="/usr/lib/jvm/java-6-sun-1.6.0.24/jre/lib/resources.jar:/usr/lib/jvm/java-6-sun-1.6.0.24/jre/lib/rt.jar:/usr/lib/jvm/java-6-sun-1.6.0.24/jre/lib/sunrsasign.jar:/usr/lib/jvm/java-6-sun-1.6.0.24/jre/lib/jsse.jar:/usr/lib/jvm/java-6-sun-1.6.0.24/jre/lib/jce.jar:/usr/lib/jvm/java-6-sun-1.6.0.24/jre/lib/charsets.jar:/usr/lib/jvm/java-6-sun-1.6.0.24/jre/lib/modules/jdk.boot.jar:/usr/lib/jvm/java-6-sun-1.6.0.24/jre/classes"/>
    <property name="java.vendor" value="Sun Microsystems Inc."/>
    <property name="localRepository" value="/home/mandubian/.m2/repository"/>
    <property name="file.separator" value="/"/>
    <property name="java.vendor.url.bug" value="http://java.sun.com/cgi-bin/bugreport.cgi"/>
    <property name="sun.cpu.endian" value="little"/>
    <property name="sun.io.unicode.encoding" value="UnicodeLittle"/>
    <property name="sun.desktop" value="gnome"/>
    <property name="sun.cpu.isalist" value=""/>
  </properties>
  <testcase time="0.641" classname="siena.base.test.H2Test" name="testSearchMultipleSingleField"/>
  <testcase time="0.013" classname="siena.base.test.H2Test" name="testSearchMultipleSingleFieldKeysOnly"/>
  <testcase time="0.01" classname="siena.base.test.H2Test" name="testSearchMultipleSingleFieldCount"/>
  <testcase time="0.009" classname="siena.base.test.H2Test" name="testSearchMultipleWordsSingleField"/>
  <testcase time="0.045" classname="siena.base.test.H2Test" name="testSearchSingleTwiceInTheSameQuery"/>
  <testcase time="0.045" classname="siena.base.test.H2Test" name="testCount"/>
  <testcase time="0.003" classname="siena.base.test.H2Test" name="testFetch"/>
  <testcase time="0.002" classname="siena.base.test.H2Test" name="testFetchKeys"/>
  <testcase time="0.003" classname="siena.base.test.H2Test" name="testFetchOrder"/>
  <testcase time="0.003" classname="siena.base.test.H2Test" name="testFetchOrderKeys"/>
  <testcase time="0.002" classname="siena.base.test.H2Test" name="testFetchOrderDesc"/>
  <testcase time="0.003" classname="siena.base.test.H2Test" name="testFetchOrderDescKeys"/>
  <testcase time="0.002" classname="siena.base.test.H2Test" name="testFetchOrderOnLongAutoId"/>
  <testcase time="0.003" classname="siena.base.test.H2Test" name="testFetchOrderOnLongManualId"/>
  <testcase time="0.002" classname="siena.base.test.H2Test" name="testFetchOrderOnStringId"/>
  <testcase time="0.003" classname="siena.base.test.H2Test" name="testFetchOrderOnUUID"/>
  <testcase time="0.003" classname="siena.base.test.H2Test" name="testFetchOrderOnLongAutoIdDesc"/>
  <testcase time="0.002" classname="siena.base.test.H2Test" name="testFetchOrderOnLongManualIdDesc"/>
  <testcase time="0.003" classname="siena.base.test.H2Test" name="testFetchOrderOnStringIdDesc"/>
  <testcase time="0.002" classname="siena.base.test.H2Test" name="testFetchOrderOnUUIDDesc"/>
  <testcase time="0.003" classname="siena.base.test.H2Test" name="testFilterOperatorEqualString"/>
  <testcase time="0.003" classname="siena.base.test.H2Test" name="testFilterOperatorEqualInt"/>
  <testcase time="0.002" classname="siena.base.test.H2Test" name="testFilterOperatorEqualUUID"/>
  <testcase time="0.003" classname="siena.base.test.H2Test" name="testFilterOperatorEqualLongAutoID"/>
  <testcase time="0.002" classname="siena.base.test.H2Test" name="testFilterOperatorEqualLongManualID"/>
  <testcase time="0.003" classname="siena.base.test.H2Test" name="testFilterOperatorEqualStringID"/>
  <testcase time="0.002" classname="siena.base.test.H2Test" name="testFilterOperatorNotEqualString"/>
  <testcase time="0.003" classname="siena.base.test.H2Test" name="testFilterOperatorNotEqualInt"/>
  <testcase time="0.003" classname="siena.base.test.H2Test" name="testFilterOperatorNotEqualUUID"/>
  <testcase time="0.002" classname="siena.base.test.H2Test" name="testFilterOperatorNotEqualLongAutoID"/>
  <testcase time="0.003" classname="siena.base.test.H2Test" name="testFilterOperatorNotEqualLongManualID"/>
  <testcase time="0.003" classname="siena.base.test.H2Test" name="testFilterOperatorNotEqualStringID"/>
  <testcase time="0.002" classname="siena.base.test.H2Test" name="testFilterOperatorIn"/>
  <testcase time="0.003" classname="siena.base.test.H2Test" name="testFilterOperatorInOrder"/>
  <testcase time="0.003" classname="siena.base.test.H2Test" name="testFilterOperatorInForUUID"/>
  <testcase time="0.003" classname="siena.base.test.H2Test" name="testFilterOperatorInForLongAutoID"/>
  <testcase time="0.002" classname="siena.base.test.H2Test" name="testFilterOperatorInForLongManualID"/>
  <testcase time="0.003" classname="siena.base.test.H2Test" name="testFilterOperatorInForStringID"/>
  <testcase time="0.002" classname="siena.base.test.H2Test" name="testFilterOperatorLessThan"/>
  <testcase time="0.003" classname="siena.base.test.H2Test" name="testFilterOperatorLessThanForUUID"/>
  <testcase time="0.003" classname="siena.base.test.H2Test" name="testFilterOperatorLessThanForLongAutoID"/>
  <testcase time="0.002" classname="siena.base.test.H2Test" name="testFilterOperatorLessThanForLongManualID"/>
  <testcase time="0.003" classname="siena.base.test.H2Test" name="testFilterOperatorLessThanForStringID"/>
  <testcase time="0.003" classname="siena.base.test.H2Test" name="testFilterOperatorLessThanOrEqual"/>
  <testcase time="0.002" classname="siena.base.test.H2Test" name="testFilterOperatorLessThanOrEqualForUUID"/>
  <testcase time="0.003" classname="siena.base.test.H2Test" name="testFilterOperatorLessThanOrEqualForLongAutoID"/>
  <testcase time="0.002" classname="siena.base.test.H2Test" name="testFilterOperatorLessThanOrEqualForLongManualID"/>
  <testcase time="0.003" classname="siena.base.test.H2Test" name="testFilterOperatorLessThanOrEqualForStringID"/>
  <testcase time="0.002" classname="siena.base.test.H2Test" name="testFilterOperatorMoreThan"/>
  <testcase time="0.003" classname="siena.base.test.H2Test" name="testFilterOperatorMoreThanForUUID"/>
  <testcase time="0.002" classname="siena.base.test.H2Test" name="testFilterOperatorMoreThanForLongAutoID"/>
  <testcase time="0.003" classname="siena.base.test.H2Test" name="testFilterOperatorMoreThanForLongManualID"/>
  <testcase time="0.002" classname="siena.base.test.H2Test" name="testFilterOperatorMoreThanForStringID"/>
  <testcase time="0.003" classname="siena.base.test.H2Test" name="testFilterOperatorMoreThanOrEqual"/>
  <testcase time="0.002" classname="siena.base.test.H2Test" name="testFilterOperatorMoreThanOrEqualForUUID"/>
  <testcase time="0.003" classname="siena.base.test.H2Test" name="testFilterOperatorMoreThanOrEqualForLongAutoID"/>
  <testcase time="0.002" classname="siena.base.test.H2Test" name="testFilterOperatorMoreThanOrEqualForLongManualID"/>
  <testcase time="0.003" classname="siena.base.test.H2Test" name="testFilterOperatorMoreThanOrEqualForStringID"/>
  <testcase time="0.004" classname="siena.base.test.H2Test" name="testCountFilter"/>
  <testcase time="0.002" classname="siena.base.test.H2Test" name="testCountFilterUUID"/>
  <testcase time="0.002" classname="siena.base.test.H2Test" name="testCountFilterLongAutoID"/>
  <testcase time="0.002" classname="siena.base.test.H2Test" name="testCountFilterLongManualID"/>
  <testcase time="0.002" classname="siena.base.test.H2Test" name="testCountFilterStringID"/>
  <testcase time="0.003" classname="siena.base.test.H2Test" name="testFetchLimit"/>
  <testcase time="0.002" classname="siena.base.test.H2Test" name="testFetchLimitUUID"/>
  <testcase time="0.002" classname="siena.base.test.H2Test" name="testFetchLimitLongAutoID"/>
  <testcase time="0.003" classname="siena.base.test.H2Test" name="testFetchLimitLongManualID"/>
  <testcase time="0.002" classname="siena.base.test.H2Test" name="testFetchLimitStringID"/>
  <testcase time="0.002" classname="siena.base.test.H2Test" name="testCountLimit"/>
  <testcase time="0.004" classname="siena.base.test.H2Test" name="testFetchLimitReal"/>
  <testcase time="0.003" classname="siena.base.test.H2Test" name="testFetchLimitOffsetReal"/>
  <testcase time="0.002" classname="siena.base.test.H2Test" name="testFetchLimitOffset"/>
  <testcase time="0.002" classname="siena.base.test.H2Test" name="testCountLimitOffset"/>
  <testcase time="0.003" classname="siena.base.test.H2Test" name="testInsertUUID"/>
  <testcase time="0.002" classname="siena.base.test.H2Test" name="testInsertLongAutoID"/>
  <testcase time="0.003" classname="siena.base.test.H2Test" name="testInsertLongManualID"/>
  <testcase time="0.003" classname="siena.base.test.H2Test" name="testInsertStringID"/>
  <testcase time="0.002" classname="siena.base.test.H2Test" name="testGetUUID"/>
  <testcase time="0.002" classname="siena.base.test.H2Test" name="testGetLongAutoID"/>
  <testcase time="0.002" classname="siena.base.test.H2Test" name="testGetLongManualID"/>
  <testcase time="0.002" classname="siena.base.test.H2Test" name="testGetStringID"/>
  <testcase time="0.003" classname="siena.base.test.H2Test" name="testUpdateUUID"/>
  <testcase time="0.002" classname="siena.base.test.H2Test" name="testUpdateLongAutoID"/>
  <testcase time="0.003" classname="siena.base.test.H2Test" name="testDeleteUUID"/>
  <testcase time="0.002" classname="siena.base.test.H2Test" name="testIterFullUUID"/>
  <testcase time="0.002" classname="siena.base.test.H2Test" name="testIterFullLongAutoID"/>
  <testcase time="0.002" classname="siena.base.test.H2Test" name="testIterFullLongManualID"/>
  <testcase time="0.002" classname="siena.base.test.H2Test" name="testIterFullLongStringID"/>
  <testcase time="0.003" classname="siena.base.test.H2Test" name="testIterLimitUUID"/>
  <testcase time="0.002" classname="siena.base.test.H2Test" name="testIterLimitLongAutoID"/>
  <testcase time="0.002" classname="siena.base.test.H2Test" name="testIterLimitLongManualID"/>
  <testcase time="0.002" classname="siena.base.test.H2Test" name="testIterLimitLongStringID"/>
  <testcase time="0.003" classname="siena.base.test.H2Test" name="testIterLimitOffsetUUID"/>
  <testcase time="0.002" classname="siena.base.test.H2Test" name="testIterLimitOffsetLongAutoID"/>
  <testcase time="0.002" classname="siena.base.test.H2Test" name="testIterLimitOffsetLongManualID"/>
  <testcase time="0.002" classname="siena.base.test.H2Test" name="testIterLimitOffsetLongStringID"/>
  <testcase time="0.003" classname="siena.base.test.H2Test" name="testIterFilter"/>
  <testcase time="0.002" classname="siena.base.test.H2Test" name="testIterFilterLimit"/>
  <testcase time="0.002" classname="siena.base.test.H2Test" name="testIterFilterLimitOffset"/>
  <testcase time="0.002" classname="siena.base.test.H2Test" name="testOrderLongAutoId"/>
  <testcase time="0.003" classname="siena.base.test.H2Test" name="testOrderLongManualId"/>
  <testcase time="0.002" classname="siena.base.test.H2Test" name="testOrderStringId"/>
  <testcase time="0.002" classname="siena.base.test.H2Test" name="testGetObjectNotFound"/>
  <testcase time="0.002" classname="siena.base.test.H2Test" name="testDeleteObjectNotFound"/>
  <testcase time="0.003" classname="siena.base.test.H2Test" name="testAutoincrement"/>
  <testcase time="0.002" classname="siena.base.test.H2Test" name="testRelationship"/>
  <testcase time="0.002" classname="siena.base.test.H2Test" name="testMultipleKeys"/>
  <testcase time="0.003" classname="siena.base.test.H2Test" name="testDataTypesNull"/>
  <testcase time="0.012" classname="siena.base.test.H2Test" name="testDataTypesNotNull"/>
  <testcase time="0.003" classname="siena.base.test.H2Test" name="testQueryDelete"/>
  <testcase time="0.003" classname="siena.base.test.H2Test" name="testQueryDeleteFiltered"/>
  <testcase time="0.005" classname="siena.base.test.H2Test" name="testJoin"/>
  <testcase time="0.003" classname="siena.base.test.H2Test" name="testJoinSortFields"/>
  <testcase time="0.004" classname="siena.base.test.H2Test" name="testJoinAnnotation"/>
  <testcase time="0.002" classname="siena.base.test.H2Test" name="testFetchPrivateFields"/>
  <testcase time="0.003" classname="siena.base.test.H2Test" name="testFetchPaginateStatelessNextPage"/>
  <testcase time="0.004" classname="siena.base.test.H2Test" name="testFetchPaginateStatelessNextPageToEnd"/>
  <testcase time="0.004" classname="siena.base.test.H2Test" name="testFetchPaginateStatelessPreviousPageFromScratch"/>
  <testcase time="0.003" classname="siena.base.test.H2Test" name="testFetchPaginateStatelessPreviousPage"/>
  <testcase time="0.005" classname="siena.base.test.H2Test" name="testFetchPaginateStatelessSeveralTimes"/>
  <testcase time="0.004" classname="siena.base.test.H2Test" name="testFetchPaginateStatefulNextPage"/>
  <testcase time="0.004" classname="siena.base.test.H2Test" name="testFetchPaginateStatefulNextPageToEnd"/>
  <testcase time="0.003" classname="siena.base.test.H2Test" name="testFetchPaginateStatefulPreviousPageFromScratch"/>
  <testcase time="0.004" classname="siena.base.test.H2Test" name="testFetchPaginateStatefulPreviousPage"/>
  <testcase time="0.005" classname="siena.base.test.H2Test" name="testFetchPaginateStatefulPreviouPageSeveralTimes"/>
  <testcase time="0.004" classname="siena.base.test.H2Test" name="testFetchKeysPaginateStatelessNextPage"/>
  <testcase time="0.003" classname="siena.base.test.H2Test" name="testFetchKeysPaginateStatelessPreviousPageFromScratch"/>
  <testcase time="0.003" classname="siena.base.test.H2Test" name="testFetchKeysPaginateStatelessPreviousPage"/>
  <testcase time="0.005" classname="siena.base.test.H2Test" name="testFetchKeysPaginateStatelessPreviouPageSeveralTimes"/>
  <testcase time="0.004" classname="siena.base.test.H2Test" name="testFetchKeysPaginateStatefulNextPage"/>
  <testcase time="0.003" classname="siena.base.test.H2Test" name="testFetchKeysPaginateStatefulPreviousPageFromScratch"/>
  <testcase time="0.003" classname="siena.base.test.H2Test" name="testFetchKeysPaginateStatefulPreviousPage"/>
  <testcase time="0.004" classname="siena.base.test.H2Test" name="testFetchKeysPaginateStatefulSeveralTimes"/>
  <testcase time="0.004" classname="siena.base.test.H2Test" name="testIterPaginateStatelessNextPage"/>
  <testcase time="0.003" classname="siena.base.test.H2Test" name="testIterPaginateStatelessPreviousPageFromScratch"/>
  <testcase time="0.004" classname="siena.base.test.H2Test" name="testIterPaginateStatelessPreviousPage"/>
  <testcase time="0.006" classname="siena.base.test.H2Test" name="testIterPaginateStatelessPreviouPageSeveralTimes"/>
  <testcase time="0.004" classname="siena.base.test.H2Test" name="testIterPaginateStatefulNextPage"/>
  <testcase time="0.003" classname="siena.base.test.H2Test" name="testIterPaginateStatefulPreviousPageFromScratch"/>
  <testcase time="0.004" classname="siena.base.test.H2Test" name="testIterPaginateStatefulPreviousPage"/>
  <testcase time="0.004" classname="siena.base.test.H2Test" name="testIterPaginateStatefulPreviouPageSeveralTimes"/>
  <testcase time="0.016" classname="siena.base.test.H2Test" name="testIterLotsOfEntitiesStateless"/>
  <testcase time="0.018" classname="siena.base.test.H2Test" name="testIterLotsOfEntitiesStateful"/>
  <testcase time="0.018" classname="siena.base.test.H2Test" name="testIterLotsOfEntitiesStatefulMixed"/>
  <testcase time="0.018" classname="siena.base.test.H2Test" name="testIterLotsOfEntitiesStatefulMixed2"/>
  <testcase time="0.023" classname="siena.base.test.H2Test" name="testIterLotsOfEntitiesStatefulMixed3"/>
  <testcase time="0.023" classname="siena.base.test.H2Test" name="testFetchLotsOfEntitiesStatefulMixed"/>
  <testcase time="0.023" classname="siena.base.test.H2Test" name="testFetchLotsOfEntitiesStatefulMixed2"/>
  <testcase time="0.039" classname="siena.base.test.H2Test" name="testFetchIterLotsOfEntitiesStatefulMixed"/>
  <testcase time="0.028" classname="siena.base.test.H2Test" name="testFetchIterLotsOfEntitiesStatefulMixed2"/>
  <testcase time="0.023" classname="siena.base.test.H2Test" name="testFetchIterLotsOfEntitiesStatefulMixed3"/>
  <testcase time="0.043" classname="siena.base.test.H2Test" name="testSearchSingle"/>
  <testcase time="0.086" classname="siena.base.test.H2Test" name="testSearchSingleTwice"/>
  <testcase time="0.089" classname="siena.base.test.H2Test" name="testSearchSingleKeysOnly"/>
  <testcase time="0.086" classname="siena.base.test.H2Test" name="testSearchSingleCount"/>
  <testcase time="0.06" classname="siena.base.test.H2Test" name="testBatchInsert"/>
  <testcase time="0.015" classname="siena.base.test.H2Test" name="testBatchInsertList"/>
  <testcase time="0.02" classname="siena.base.test.H2Test" name="testBatchDelete"/>
  <testcase time="0.018" classname="siena.base.test.H2Test" name="testBatchDeleteList"/>
  <testcase time="0.003" classname="siena.base.test.H2Test" name="testBatchDeleteByKeys"/>
  <testcase time="0.002" classname="siena.base.test.H2Test" name="testBatchDeleteByKeysList"/>
  <testcase time="0.021" classname="siena.base.test.H2Test" name="testBatchGet"/>
  <testcase time="0.022" classname="siena.base.test.H2Test" name="testBatchGetList"/>
  <testcase time="0.004" classname="siena.base.test.H2Test" name="testBatchGetByKeys"/>
  <testcase time="0.02" classname="siena.base.test.H2Test" name="testBatchGetByKeysList"/>
  <testcase time="0.021" classname="siena.base.test.H2Test" name="testLimitStateful"/>
  <testcase time="0.023" classname="siena.base.test.H2Test" name="testLimitStateless"/>
  <testcase time="0.019" classname="siena.base.test.H2Test" name="testOffsetStateless"/>
  <testcase time="0.02" classname="siena.base.test.H2Test" name="testOffsetStateful"/>
  <testcase time="0.017" classname="siena.base.test.H2Test" name="testOffsetLimitStateless"/>
  <testcase time="0.017" classname="siena.base.test.H2Test" name="testOffsetLimitStateful"/>
  <testcase time="0.027" classname="siena.base.test.H2Test" name="testOffsetLimitStatelessPaginate"/>
  <testcase time="0.035" classname="siena.base.test.H2Test" name="testOffsetLimitStatefulPaginate"/>
  <testcase time="0.023" classname="siena.base.test.H2Test" name="testOffsetLimitStatelessPaginate2"/>
  <testcase time="0.019" classname="siena.base.test.H2Test" name="testOffsetLimitStatefulPaginate2"/>
  <testcase time="0.004" classname="siena.base.test.H2Test" name="testFetchPaginateStatelessTwice"/>
  <testcase time="0.003" classname="siena.base.test.H2Test" name="testFetchPaginateStatefulTwice"/>
  <testcase time="0.009" classname="siena.base.test.H2Test" name="testLimitStatelessKeys"/>
  <testcase time="0.01" classname="siena.base.test.H2Test" name="testLimitStatefulKeys"/>
  <testcase time="0.01" classname="siena.base.test.H2Test" name="testOffsetStatelessKeys"/>
  <testcase time="0.01" classname="siena.base.test.H2Test" name="testOffsetStatefulKeys"/>
  <testcase time="0.008" classname="siena.base.test.H2Test" name="testOffsetLimitStatelessKeys"/>
  <testcase time="0.007" classname="siena.base.test.H2Test" name="testOffsetLimitStatefulKeys"/>
  <testcase time="0.009" classname="siena.base.test.H2Test" name="testOffsetLimitStatelessPaginateKeys"/>
  <testcase time="0.014" classname="siena.base.test.H2Test" name="testOffsetLimitStatefulPaginateKeys"/>
  <testcase time="0.014" classname="siena.base.test.H2Test" name="testOffsetLimitStatelessPaginate2Keys"/>
  <testcase time="0.013" classname="siena.base.test.H2Test" name="testOffsetLimitStatefulPaginate2Keys"/>
  <testcase time="0.004" classname="siena.base.test.H2Test" name="testFetchPaginateStatelessTwiceKeys"/>
  <testcase time="0.002" classname="siena.base.test.H2Test" name="testFetchPaginateStatefulTwiceKeys"/>
  <testcase time="0.011" classname="siena.base.test.H2Test" name="testLimitStatelessIter"/>
  <testcase time="0.01" classname="siena.base.test.H2Test" name="testLimitStatefulIter"/>
  <testcase time="0.009" classname="siena.base.test.H2Test" name="testOffsetStatelessIter"/>
  <testcase time="0.009" classname="siena.base.test.H2Test" name="testOffsetStatefulIter"/>
  <testcase time="0.007" classname="siena.base.test.H2Test" name="testOffsetLimitStatelessIter"/>
  <testcase time="0.007" classname="siena.base.test.H2Test" name="testOffsetLimitStatefulIter"/>
  <testcase time="0.018" classname="siena.base.test.H2Test" name="testOffsetLimitStatelessPaginateIter"/>
  <testcase time="0.018" classname="siena.base.test.H2Test" name="testOffsetLimitStatefulPaginateIter"/>
  <testcase time="0.016" classname="siena.base.test.H2Test" name="testOffsetLimitStatelessPaginate2Iter"/>
  <testcase time="0.014" classname="siena.base.test.H2Test" name="testOffsetLimitStatefulPaginate2Iter"/>
  <testcase time="0.004" classname="siena.base.test.H2Test" name="testFetchPaginateStatelessTwiceIter"/>
  <testcase time="0.002" classname="siena.base.test.H2Test" name="testFetchPaginateStatefulTwiceIter"/>
  <testcase time="0.002" classname="siena.base.test.H2Test" name="testFetchStringAutoInc"/>
  <testcase time="0.001" classname="siena.base.test.H2Test" name="testDumpQueryOption"/>
  <testcase time="0.001" classname="siena.base.test.H2Test" name="testRestoreQueryOption"/>
  <testcase time="0.032" classname="siena.base.test.H2Test" name="testIterPerPageStateless"/>
  <testcase time="0.034" classname="siena.base.test.H2Test" name="testIterPerPageStateless2"/>
  <testcase time="0.046" classname="siena.base.test.H2Test" name="testIterPerPageStateless3"/>
  <testcase time="0.026" classname="siena.base.test.H2Test" name="testIterPerPageStateful"/>
  <testcase time="0.021" classname="siena.base.test.H2Test" name="testIterPerPageStateful2"/>
  <testcase time="0.015" classname="siena.base.test.H2Test" name="testIterPerPageStatefull3"/>
  <testcase time="0.002" classname="siena.base.test.H2Test" name="testInsertObjectWithNullJoinObject"/>
  <testcase time="0.001" classname="siena.base.test.H2Test" name="testInsertObjectWithDoubleNullJoinObject"/>
  <testcase time="0.002" classname="siena.base.test.H2Test" name="testJoinAnnotationDouble"/>
  <testcase time="0.007" classname="siena.base.test.H2Test" name="testBatchUpdate"/>
  <testcase time="0.007" classname="siena.base.test.H2Test" name="testBatchUpdateList"/>
  <testcase time="0.002" classname="siena.base.test.H2Test" name="testGetByKeyUUID"/>
  <testcase time="0.001" classname="siena.base.test.H2Test" name="testGetByKeyLongAutoID"/>
  <testcase time="0.001" classname="siena.base.test.H2Test" name="testGetByKeyLongManualID"/>
  <testcase time="0.001" classname="siena.base.test.H2Test" name="testGetByKeyStringID"/>
  <testcase time="0.002" classname="siena.base.test.H2Test" name="testSaveLongAutoID"/>
  <testcase time="0.001" classname="siena.base.test.H2Test" name="testSaveUUID"/>
  <testcase time="0.002" classname="siena.base.test.H2Test" name="testSaveLongManualID"/>
  <testcase time="0.001" classname="siena.base.test.H2Test" name="testSaveStringID"/>
  <testcase time="0.006" classname="siena.base.test.H2Test" name="testBatchSave"/>
  <testcase time="0.007" classname="siena.base.test.H2Test" name="testBatchSaveList"/>
  <testcase time="0.002" classname="siena.base.test.H2Test" name="testPolymorphic"/>
  <testcase time="0.001" classname="siena.base.test.H2Test" name="testPolymorphic2"/>
  <testcase time="0.003" classname="siena.base.test.H2Test" name="testEmbeddedModel"/>
  <testcase time="0.002" classname="siena.base.test.H2Test" name="testNoColumn"/>
  <testcase time="0.001" classname="siena.base.test.H2Test" name="testNoColumnMultipleKeys"/>
  <testcase time="0.002" classname="siena.base.test.H2Test" name="testLifeCycleGet"/>
  <testcase time="0.001" classname="siena.base.test.H2Test" name="testLifeCycleGetMultiAndLifeCycleInjection"/>
  <testcase time="0.001" classname="siena.base.test.H2Test" name="testLifeCycleInsert"/>
  <testcase time="0.001" classname="siena.base.test.H2Test" name="testLifeCycleDelete"/>
  <testcase time="0.001" classname="siena.base.test.H2Test" name="testLifeCycleUpdate"/>
  <testcase time="0.002" classname="siena.base.test.H2Test" name="testLifeCycleSave"/>
  <testcase time="0.001" classname="siena.base.test.H2Test" name="testDumpRestoreQueryFilterSimple"/>
  <testcase time="0.001" classname="siena.base.test.H2Test" name="testDumpRestoreQueryFilterSearch"/>
  <testcase time="0.001" classname="siena.base.test.H2Test" name="testDumpRestoreQueryOrder"/>
  <testcase time="0.001" classname="siena.base.test.H2Test" name="testDumpRestoreQueryJoin"/>
  <testcase time="0.004" classname="siena.base.test.H2Test" name="testDumpRestoreQueryData"/>
  <testcase time="0.002" classname="siena.base.test.H2Test" name="testSerializeEmbeddedModel"/>
  <testcase time="0.002" classname="siena.base.test.H2Test" name="testBigDecimal"/>
  <testcase time="0.001" classname="siena.base.test.H2Test" name="testBigDecimalNoPrecision"/>
  <testcase time="0.002" classname="siena.base.test.H2Test" name="testBigDecimalString"/>
  <testcase time="0.002" classname="siena.base.test.H2Test" name="testBigDecimalDouble"/>
  <testcase time="0.001" classname="siena.base.test.H2Test" name="testTransactionUpdate"/>
  <testcase time="0.002" classname="siena.base.test.H2Test" name="testTransactionUpdateFailure"/>
  <testcase time="0.001" classname="siena.base.test.H2Test" name="testTransactionInsert"/>
  <testcase time="0.002" classname="siena.base.test.H2Test" name="testTransactionInsertFailure"/>
  <testcase time="0.001" classname="siena.base.test.H2Test" name="testTransactionSave"/>
  <testcase time="0.001" classname="siena.base.test.H2Test" name="testTransactionSaveFailure"/>
  <testcase time="0.002" classname="siena.base.test.H2Test" name="testTransactionDelete"/>
  <testcase time="0.001" classname="siena.base.test.H2Test" name="testTransactionDeleteFailure"/>
  <testcase time="0.002" classname="siena.base.test.H2Test" name="testTransactionInsertBatch"/>
  <testcase time="0.001" classname="siena.base.test.H2Test" name="testTransactionInsertBatchFailure"/>
  <testcase time="0.002" classname="siena.base.test.H2Test" name="testTransactionDeleteBatch"/>
  <testcase time="0.001" classname="siena.base.test.H2Test" name="testTransactionDeleteBatchFailure"/>
  <testcase time="0.001" classname="siena.base.test.H2Test" name="testTransactionUpdateBatch"/>
  <testcase time="0.001" classname="siena.base.test.H2Test" name="testTransactionUpdateBatchFailure"/>
  <testcase time="0.002" classname="siena.base.test.H2Test" name="testTransactionSaveBatch"/>
  <testcase time="0.001" classname="siena.base.test.H2Test" name="testTransactionSaveBatchFailure"/>
  <testcase time="0.002" classname="siena.base.test.H2Test" name="testBatchGetByKeysNonExisting"/>
  <testcase time="0.001" classname="siena.base.test.H2Test" name="testGetNonExisting"/>
  <testcase time="0.001" classname="siena.base.test.H2Test" name="testGetByKeyNonExisting"/>
</testsuite>