<?xml version="1.0" encoding="UTF-8" ?>
<testsuite failures="0" time="38.87" errors="0" skipped="0" tests="265" name="siena.base.test.JdbcTest">
  <properties>
    <property name="java.runtime.name" value="Java(TM) SE Runtime Environment"/>
    <property name="sun.boot.library.path" value="/usr/lib/jvm/java-6-sun-1.6.0.24/jre/lib/amd64"/>
    <property name="java.vm.version" value="19.1-b02"/>
    <property name="java.vm.vendor" value="Sun Microsystems Inc."/>
    <property name="java.vendor.url" value="http://java.sun.com/"/>
    <property name="path.separator" value=":"/>
    <property name="java.vm.name" value="Java HotSpot(TM) 64-Bit Server VM"/>
    <property name="file.encoding.pkg" value="sun.io"/>
    <property name="user.country" value="US"/>
    <property name="sun.java.launcher" value="SUN_STANDARD"/>
    <property name="sun.os.patch.level" value="unknown"/>
    <property name="java.vm.specification.name" value="Java Virtual Machine Specification"/>
    <property name="user.dir" value="/home/mandubian/work/play/workspace/siena/source"/>
    <property name="java.runtime.version" value="1.6.0_24-b07"/>
    <property name="java.awt.graphicsenv" value="sun.awt.X11GraphicsEnvironment"/>
    <property name="basedir" value="/home/mandubian/work/play/workspace/siena/source"/>
    <property name="java.endorsed.dirs" value="/usr/lib/jvm/java-6-sun-1.6.0.24/jre/lib/endorsed"/>
    <property name="os.arch" value="amd64"/>
    <property name="surefire.real.class.path" value="/home/mandubian/work/play/workspace/siena/source/target/surefire/surefirebooter7936792190153138255.jar"/>
    <property name="java.io.tmpdir" value="/tmp"/>
    <property name="line.separator" value="
"/>
    <property name="java.vm.specification.vendor" value="Sun Microsystems Inc."/>
    <property name="os.name" value="Linux"/>
    <property name="sun.jnu.encoding" value="UTF-8"/>
    <property name="java.library.path" value="/usr/lib/jvm/java-6-sun-1.6.0.24/jre/lib/amd64/server:/usr/lib/jvm/java-6-sun-1.6.0.24/jre/lib/amd64:/usr/lib/jvm/java-6-sun-1.6.0.24/jre/../lib/amd64:/usr/lib64/xulrunner-addons:/usr/java/packages/lib/amd64:/usr/lib64:/lib64:/lib:/usr/lib"/>
    <property name="surefire.test.class.path" value="/home/mandubian/work/play/workspace/siena/source/target/test-classes:/home/mandubian/work/play/workspace/siena/source/target/classes:/home/mandubian/.m2/repository/dom4j/dom4j/1.6.1/dom4j-1.6.1.jar:/home/mandubian/.m2/repository/xml-apis/xml-apis/1.0.b2/xml-apis-1.0.b2.jar:/home/mandubian/.m2/repository/junit/junit/3.8.2/junit-3.8.2.jar:/home/mandubian/.m2/repository/commons-dbcp/commons-dbcp/1.2.2/commons-dbcp-1.2.2.jar:/home/mandubian/.m2/repository/commons-pool/commons-pool/1.3/commons-pool-1.3.jar:/home/mandubian/.m2/repository/org/apache/ddlutils/ddlutils/1.0/ddlutils-1.0.jar:/home/mandubian/.m2/repository/commons-beanutils/commons-beanutils/1.7.0/commons-beanutils-1.7.0.jar:/home/mandubian/.m2/repository/commons-betwixt/commons-betwixt/0.8/commons-betwixt-0.8.jar:/home/mandubian/.m2/repository/commons-beanutils/commons-beanutils-core/1.7.0/commons-beanutils-core-1.7.0.jar:/home/mandubian/.m2/repository/commons-codec/commons-codec/1.3/commons-codec-1.3.jar:/home/mandubian/.m2/repository/commons-collections/commons-collections/3.1/commons-collections-3.1.jar:/home/mandubian/.m2/repository/commons-digester/commons-digester/1.7/commons-digester-1.7.jar:/home/mandubian/.m2/repository/commons-lang/commons-lang/2.1/commons-lang-2.1.jar:/home/mandubian/.m2/repository/commons-logging/commons-logging-api/1.0.4/commons-logging-api-1.0.4.jar:/home/mandubian/.m2/repository/commons-logging/commons-logging/1.0.4/commons-logging-1.0.4.jar:/home/mandubian/.m2/repository/stax/stax-api/1.0.1/stax-api-1.0.1.jar:/home/mandubian/.m2/repository/oro/oro/2.0.8/oro-2.0.8.jar:/home/mandubian/.m2/repository/org/dbunit/dbunit/2.2/dbunit-2.2.jar:/home/mandubian/.m2/repository/junit-addons/junit-addons/1.4/junit-addons-1.4.jar:/home/mandubian/.m2/repository/xerces/xercesImpl/2.6.2/xercesImpl-2.6.2.jar:/home/mandubian/.m2/repository/xerces/xmlParserAPIs/2.6.2/xmlParserAPIs-2.6.2.jar:/home/mandubian/.m2/repository/poi/poi/2.5.1-final-20040804/poi-2.5.1-final-20040804.jar:/home/mandubian/.m2/repository/mysql/mysql-connector-java/5.1.6/mysql-connector-java-5.1.6.jar:/home/mandubian/.m2/repository/postgresql/postgresql/8.4-702.jdbc4/postgresql-8.4-702.jdbc4.jar:/home/mandubian/.m2/repository/org/drizzle/jdbc/drizzle-jdbc/1.0/drizzle-jdbc-1.0.jar:/home/mandubian/.m2/repository/com/google/appengine/appengine-tools-sdk/1.4.2/appengine-tools-sdk-1.4.2.jar:/home/mandubian/.m2/repository/com/google/appengine/appengine-api-1.0-sdk/1.4.2/appengine-api-1.0-sdk-1.4.2.jar:/home/mandubian/.m2/repository/com/google/appengine/appengine-testing/1.4.2/appengine-testing-1.4.2.jar:/home/mandubian/.m2/repository/com/google/appengine/appengine-api-labs/1.4.2/appengine-api-labs-1.4.2.jar:/home/mandubian/.m2/repository/com/google/appengine/appengine-api-stubs/1.4.2/appengine-api-stubs-1.4.2.jar:/home/mandubian/.m2/repository/org/apache/hbase/hbase/0.21.0-SNAPSHOT/hbase-0.21.0-SNAPSHOT.jar:/home/mandubian/.m2/repository/commons-cli/commons-cli/1.2/commons-cli-1.2.jar:/home/mandubian/.m2/repository/commons-httpclient/commons-httpclient/3.1/commons-httpclient-3.1.jar:/home/mandubian/.m2/repository/log4j/log4j/1.2.15/log4j-1.2.15.jar:/home/mandubian/.m2/repository/org/apache/thrift/thrift/0.2.0/thrift-0.2.0.jar:/home/mandubian/.m2/repository/org/slf4j/slf4j-api/1.4.3/slf4j-api-1.4.3.jar:/home/mandubian/.m2/repository/org/slf4j/slf4j-log4j12/1.4.3/slf4j-log4j12-1.4.3.jar:/home/mandubian/.m2/repository/com/google/guava/guava/r05/guava-r05.jar:/home/mandubian/.m2/repository/org/apache/hadoop/hadoop-core/0.20.2-with-200-826/hadoop-core-0.20.2-with-200-826.jar:/home/mandubian/.m2/repository/commons-net/commons-net/1.4.1/commons-net-1.4.1.jar:/home/mandubian/.m2/repository/javax/servlet/servlet-api/2.5/servlet-api-2.5.jar:/home/mandubian/.m2/repository/commons-el/commons-el/1.0/commons-el-1.0.jar:/home/mandubian/.m2/repository/org/eclipse/jdt/core/3.1.1/core-3.1.1.jar:/home/mandubian/.m2/repository/org/apache/ant/ant/1.7.0/ant-1.7.0.jar:/home/mandubian/.m2/repository/org/apache/ant/ant-launcher/1.7.0/ant-launcher-1.7.0.jar:/home/mandubian/.m2/repository/net/java/dev/jets3t/jets3t/0.6.1/jets3t-0.6.1.jar:/home/mandubian/.m2/repository/xmlenc/xmlenc/0.52/xmlenc-0.52.jar:/home/mandubian/.m2/repository/org/apache/hadoop/zookeeper/3.3.1/zookeeper-3.3.1.jar:/home/mandubian/.m2/repository/jline/jline/0.9.94/jline-0.9.94.jar:/home/mandubian/.m2/repository/org/mortbay/jetty/jetty/6.1.24/jetty-6.1.24.jar:/home/mandubian/.m2/repository/org/mortbay/jetty/servlet-api/2.5-20081211/servlet-api-2.5-20081211.jar:/home/mandubian/.m2/repository/org/mortbay/jetty/jetty-util/6.1.24/jetty-util-6.1.24.jar:/home/mandubian/.m2/repository/org/mortbay/jetty/servlet-api-2.5/6.1.14/servlet-api-2.5-6.1.14.jar:/home/mandubian/.m2/repository/org/mortbay/jetty/jsp-2.1/6.1.14/jsp-2.1-6.1.14.jar:/home/mandubian/.m2/repository/ant/ant/1.6.5/ant-1.6.5.jar:/home/mandubian/.m2/repository/org/mortbay/jetty/jsp-api-2.1/6.1.14/jsp-api-2.1-6.1.14.jar:/home/mandubian/.m2/repository/tomcat/jasper-runtime/5.5.23/jasper-runtime-5.5.23.jar:/home/mandubian/.m2/repository/tomcat/jasper-compiler/5.5.23/jasper-compiler-5.5.23.jar:/home/mandubian/.m2/repository/javax/servlet/jsp-api/2.0/jsp-api-2.0.jar:/home/mandubian/.m2/repository/org/jruby/jruby-complete/1.4.0/jruby-complete-1.4.0.jar:/home/mandubian/.m2/repository/com/google/protobuf/protobuf-java/2.3.0/protobuf-java-2.3.0.jar:/home/mandubian/.m2/repository/com/sun/jersey/jersey-core/1.1.5.1/jersey-core-1.1.5.1.jar:/home/mandubian/.m2/repository/com/sun/jersey/jersey-json/1.1.5.1/jersey-json-1.1.5.1.jar:/home/mandubian/.m2/repository/org/codehaus/jettison/jettison/1.1/jettison-1.1.jar:/home/mandubian/.m2/repository/com/sun/xml/bind/jaxb-impl/2.1.12/jaxb-impl-2.1.12.jar:/home/mandubian/.m2/repository/com/sun/jersey/jersey-server/1.1.5.1/jersey-server-1.1.5.1.jar:/home/mandubian/.m2/repository/asm/asm/3.1/asm-3.1.jar:/home/mandubian/.m2/repository/javax/xml/bind/jaxb-api/2.1/jaxb-api-2.1.jar:/home/mandubian/.m2/repository/javax/xml/stream/stax-api/1.0-2/stax-api-1.0-2.jar:/home/mandubian/.m2/repository/javax/activation/activation/1.1/activation-1.1.jar:/home/mandubian/.m2/repository/javax/ws/rs/jsr311-api/1.1.1/jsr311-api-1.1.1.jar:/home/mandubian/.m2/repository/org/apache/hadoop/avro/1.3.2/avro-1.3.2.jar:/home/mandubian/.m2/repository/com/thoughtworks/paranamer/paranamer/2.2/paranamer-2.2.jar:/home/mandubian/.m2/repository/com/thoughtworks/paranamer/paranamer-ant/2.2/paranamer-ant-2.2.jar:/home/mandubian/.m2/repository/com/thoughtworks/paranamer/paranamer-generator/2.2/paranamer-generator-2.2.jar:/home/mandubian/.m2/repository/com/thoughtworks/qdox/qdox/1.10.1/qdox-1.10.1.jar:/home/mandubian/.m2/repository/org/codehaus/jackson/jackson-core-asl/1.5.2/jackson-core-asl-1.5.2.jar:/home/mandubian/.m2/repository/org/codehaus/jackson/jackson-mapper-asl/1.5.2/jackson-mapper-asl-1.5.2.jar:/home/mandubian/.m2/repository/com/h2database/h2/1.3.154/h2-1.3.154.jar:/home/mandubian/.m2/repository/com/google/api/client/google-api-client/1.4.1-beta/google-api-client-1.4.1-beta.jar:/home/mandubian/.m2/repository/com/google/code/findbugs/jsr305/1.3.9/jsr305-1.3.9.jar:/home/mandubian/.m2/repository/com/google/code/gson/gson/1.6/gson-1.6.jar:/home/mandubian/.m2/repository/org/apache/httpcomponents/httpclient/4.0.3/httpclient-4.0.3.jar:/home/mandubian/.m2/repository/org/apache/httpcomponents/httpcore/4.0.1/httpcore-4.0.1.jar:/home/mandubian/.m2/repository/xpp3/xpp3/1.1.4c/xpp3-1.1.4c.jar:"/>
    <property name="java.specification.name" value="Java Platform API Specification"/>
    <property name="java.class.version" value="50.0"/>
    <property name="sun.management.compiler" value="HotSpot 64-Bit Server Compiler"/>
    <property name="os.version" value="2.6.32-33-server"/>
    <property name="user.home" value="/home/mandubian"/>
    <property name="user.timezone" value="Europe/Paris"/>
    <property name="java.awt.printerjob" value="sun.print.PSPrinterJob"/>
    <property name="file.encoding" value="UTF-8"/>
    <property name="java.specification.version" value="1.6"/>
    <property name="user.name" value="mandubian"/>
    <property name="java.class.path" value="/home/mandubian/work/play/workspace/siena/source/target/test-classes:/home/mandubian/work/play/workspace/siena/source/target/classes:/home/mandubian/.m2/repository/dom4j/dom4j/1.6.1/dom4j-1.6.1.jar:/home/mandubian/.m2/repository/xml-apis/xml-apis/1.0.b2/xml-apis-1.0.b2.jar:/home/mandubian/.m2/repository/junit/junit/3.8.2/junit-3.8.2.jar:/home/mandubian/.m2/repository/commons-dbcp/commons-dbcp/1.2.2/commons-dbcp-1.2.2.jar:/home/mandubian/.m2/repository/commons-pool/commons-pool/1.3/commons-pool-1.3.jar:/home/mandubian/.m2/repository/org/apache/ddlutils/ddlutils/1.0/ddlutils-1.0.jar:/home/mandubian/.m2/repository/commons-beanutils/commons-beanutils/1.7.0/commons-beanutils-1.7.0.jar:/home/mandubian/.m2/repository/commons-betwixt/commons-betwixt/0.8/commons-betwixt-0.8.jar:/home/mandubian/.m2/repository/commons-beanutils/commons-beanutils-core/1.7.0/commons-beanutils-core-1.7.0.jar:/home/mandubian/.m2/repository/commons-codec/commons-codec/1.3/commons-codec-1.3.jar:/home/mandubian/.m2/repository/commons-collections/commons-collections/3.1/commons-collections-3.1.jar:/home/mandubian/.m2/repository/commons-digester/commons-digester/1.7/commons-digester-1.7.jar:/home/mandubian/.m2/repository/commons-lang/commons-lang/2.1/commons-lang-2.1.jar:/home/mandubian/.m2/repository/commons-logging/commons-logging-api/1.0.4/commons-logging-api-1.0.4.jar:/home/mandubian/.m2/repository/commons-logging/commons-logging/1.0.4/commons-logging-1.0.4.jar:/home/mandubian/.m2/repository/stax/stax-api/1.0.1/stax-api-1.0.1.jar:/home/mandubian/.m2/repository/oro/oro/2.0.8/oro-2.0.8.jar:/home/mandubian/.m2/repository/org/dbunit/dbunit/2.2/dbunit-2.2.jar:/home/mandubian/.m2/repository/junit-addons/junit-addons/1.4/junit-addons-1.4.jar:/home/mandubian/.m2/repository/xerces/xercesImpl/2.6.2/xercesImpl-2.6.2.jar:/home/mandubian/.m2/repository/xerces/xmlParserAPIs/2.6.2/xmlParserAPIs-2.6.2.jar:/home/mandubian/.m2/repository/poi/poi/2.5.1-final-20040804/poi-2.5.1-final-20040804.jar:/home/mandubian/.m2/repository/mysql/mysql-connector-java/5.1.6/mysql-connector-java-5.1.6.jar:/home/mandubian/.m2/repository/postgresql/postgresql/8.4-702.jdbc4/postgresql-8.4-702.jdbc4.jar:/home/mandubian/.m2/repository/org/drizzle/jdbc/drizzle-jdbc/1.0/drizzle-jdbc-1.0.jar:/home/mandubian/.m2/repository/com/google/appengine/appengine-tools-sdk/1.4.2/appengine-tools-sdk-1.4.2.jar:/home/mandubian/.m2/repository/com/google/appengine/appengine-api-1.0-sdk/1.4.2/appengine-api-1.0-sdk-1.4.2.jar:/home/mandubian/.m2/repository/com/google/appengine/appengine-testing/1.4.2/appengine-testing-1.4.2.jar:/home/mandubian/.m2/repository/com/google/appengine/appengine-api-labs/1.4.2/appengine-api-labs-1.4.2.jar:/home/mandubian/.m2/repository/com/google/appengine/appengine-api-stubs/1.4.2/appengine-api-stubs-1.4.2.jar:/home/mandubian/.m2/repository/org/apache/hbase/hbase/0.21.0-SNAPSHOT/hbase-0.21.0-SNAPSHOT.jar:/home/mandubian/.m2/repository/commons-cli/commons-cli/1.2/commons-cli-1.2.jar:/home/mandubian/.m2/repository/commons-httpclient/commons-httpclient/3.1/commons-httpclient-3.1.jar:/home/mandubian/.m2/repository/log4j/log4j/1.2.15/log4j-1.2.15.jar:/home/mandubian/.m2/repository/org/apache/thrift/thrift/0.2.0/thrift-0.2.0.jar:/home/mandubian/.m2/repository/org/slf4j/slf4j-api/1.4.3/slf4j-api-1.4.3.jar:/home/mandubian/.m2/repository/org/slf4j/slf4j-log4j12/1.4.3/slf4j-log4j12-1.4.3.jar:/home/mandubian/.m2/repository/com/google/guava/guava/r05/guava-r05.jar:/home/mandubian/.m2/repository/org/apache/hadoop/hadoop-core/0.20.2-with-200-826/hadoop-core-0.20.2-with-200-826.jar:/home/mandubian/.m2/repository/commons-net/commons-net/1.4.1/commons-net-1.4.1.jar:/home/mandubian/.m2/repository/javax/servlet/servlet-api/2.5/servlet-api-2.5.jar:/home/mandubian/.m2/repository/commons-el/commons-el/1.0/commons-el-1.0.jar:/home/mandubian/.m2/repository/org/eclipse/jdt/core/3.1.1/core-3.1.1.jar:/home/mandubian/.m2/repository/org/apache/ant/ant/1.7.0/ant-1.7.0.jar:/home/mandubian/.m2/repository/org/apache/ant/ant-launcher/1.7.0/ant-launcher-1.7.0.jar:/home/mandubian/.m2/repository/net/java/dev/jets3t/jets3t/0.6.1/jets3t-0.6.1.jar:/home/mandubian/.m2/repository/xmlenc/xmlenc/0.52/xmlenc-0.52.jar:/home/mandubian/.m2/repository/org/apache/hadoop/zookeeper/3.3.1/zookeeper-3.3.1.jar:/home/mandubian/.m2/repository/jline/jline/0.9.94/jline-0.9.94.jar:/home/mandubian/.m2/repository/org/mortbay/jetty/jetty/6.1.24/jetty-6.1.24.jar:/home/mandubian/.m2/repository/org/mortbay/jetty/servlet-api/2.5-20081211/servlet-api-2.5-20081211.jar:/home/mandubian/.m2/repository/org/mortbay/jetty/jetty-util/6.1.24/jetty-util-6.1.24.jar:/home/mandubian/.m2/repository/org/mortbay/jetty/servlet-api-2.5/6.1.14/servlet-api-2.5-6.1.14.jar:/home/mandubian/.m2/repository/org/mortbay/jetty/jsp-2.1/6.1.14/jsp-2.1-6.1.14.jar:/home/mandubian/.m2/repository/ant/ant/1.6.5/ant-1.6.5.jar:/home/mandubian/.m2/repository/org/mortbay/jetty/jsp-api-2.1/6.1.14/jsp-api-2.1-6.1.14.jar:/home/mandubian/.m2/repository/tomcat/jasper-runtime/5.5.23/jasper-runtime-5.5.23.jar:/home/mandubian/.m2/repository/tomcat/jasper-compiler/5.5.23/jasper-compiler-5.5.23.jar:/home/mandubian/.m2/repository/javax/servlet/jsp-api/2.0/jsp-api-2.0.jar:/home/mandubian/.m2/repository/org/jruby/jruby-complete/1.4.0/jruby-complete-1.4.0.jar:/home/mandubian/.m2/repository/com/google/protobuf/protobuf-java/2.3.0/protobuf-java-2.3.0.jar:/home/mandubian/.m2/repository/com/sun/jersey/jersey-core/1.1.5.1/jersey-core-1.1.5.1.jar:/home/mandubian/.m2/repository/com/sun/jersey/jersey-json/1.1.5.1/jersey-json-1.1.5.1.jar:/home/mandubian/.m2/repository/org/codehaus/jettison/jettison/1.1/jettison-1.1.jar:/home/mandubian/.m2/repository/com/sun/xml/bind/jaxb-impl/2.1.12/jaxb-impl-2.1.12.jar:/home/mandubian/.m2/repository/com/sun/jersey/jersey-server/1.1.5.1/jersey-server-1.1.5.1.jar:/home/mandubian/.m2/repository/asm/asm/3.1/asm-3.1.jar:/home/mandubian/.m2/repository/javax/xml/bind/jaxb-api/2.1/jaxb-api-2.1.jar:/home/mandubian/.m2/repository/javax/xml/stream/stax-api/1.0-2/stax-api-1.0-2.jar:/home/mandubian/.m2/repository/javax/activation/activation/1.1/activation-1.1.jar:/home/mandubian/.m2/repository/javax/ws/rs/jsr311-api/1.1.1/jsr311-api-1.1.1.jar:/home/mandubian/.m2/repository/org/apache/hadoop/avro/1.3.2/avro-1.3.2.jar:/home/mandubian/.m2/repository/com/thoughtworks/paranamer/paranamer/2.2/paranamer-2.2.jar:/home/mandubian/.m2/repository/com/thoughtworks/paranamer/paranamer-ant/2.2/paranamer-ant-2.2.jar:/home/mandubian/.m2/repository/com/thoughtworks/paranamer/paranamer-generator/2.2/paranamer-generator-2.2.jar:/home/mandubian/.m2/repository/com/thoughtworks/qdox/qdox/1.10.1/qdox-1.10.1.jar:/home/mandubian/.m2/repository/org/codehaus/jackson/jackson-core-asl/1.5.2/jackson-core-asl-1.5.2.jar:/home/mandubian/.m2/repository/org/codehaus/jackson/jackson-mapper-asl/1.5.2/jackson-mapper-asl-1.5.2.jar:/home/mandubian/.m2/repository/com/h2database/h2/1.3.154/h2-1.3.154.jar:/home/mandubian/.m2/repository/com/google/api/client/google-api-client/1.4.1-beta/google-api-client-1.4.1-beta.jar:/home/mandubian/.m2/repository/com/google/code/findbugs/jsr305/1.3.9/jsr305-1.3.9.jar:/home/mandubian/.m2/repository/com/google/code/gson/gson/1.6/gson-1.6.jar:/home/mandubian/.m2/repository/org/apache/httpcomponents/httpclient/4.0.3/httpclient-4.0.3.jar:/home/mandubian/.m2/repository/org/apache/httpcomponents/httpcore/4.0.1/httpcore-4.0.1.jar:/home/mandubian/.m2/repository/xpp3/xpp3/1.1.4c/xpp3-1.1.4c.jar:"/>
    <property name="java.vm.specification.version" value="1.0"/>
    <property name="sun.arch.data.model" value="64"/>
    <property name="java.home" value="/usr/lib/jvm/java-6-sun-1.6.0.24/jre"/>
    <property name="java.specification.vendor" value="Sun Microsystems Inc."/>
    <property name="user.language" value="en"/>
    <property name="java.vm.info" value="mixed mode"/>
    <property name="java.version" value="1.6.0_24"/>
    <property name="java.ext.dirs" value="/usr/lib/jvm/java-6-sun-1.6.0.24/jre/lib/ext:/usr/java/packages/lib/ext"/>
    <property name="sun.boot.class.path" value="/usr/lib/jvm/java-6-sun-1.6.0.24/jre/lib/resources.jar:/usr/lib/jvm/java-6-sun-1.6.0.24/jre/lib/rt.jar:/usr/lib/jvm/java-6-sun-1.6.0.24/jre/lib/sunrsasign.jar:/usr/lib/jvm/java-6-sun-1.6.0.24/jre/lib/jsse.jar:/usr/lib/jvm/java-6-sun-1.6.0.24/jre/lib/jce.jar:/usr/lib/jvm/java-6-sun-1.6.0.24/jre/lib/charsets.jar:/usr/lib/jvm/java-6-sun-1.6.0.24/jre/lib/modules/jdk.boot.jar:/usr/lib/jvm/java-6-sun-1.6.0.24/jre/classes"/>
    <property name="java.vendor" value="Sun Microsystems Inc."/>
    <property name="localRepository" value="/home/mandubian/.m2/repository"/>
    <property name="file.separator" value="/"/>
    <property name="java.vendor.url.bug" value="http://java.sun.com/cgi-bin/bugreport.cgi"/>
    <property name="sun.cpu.endian" value="little"/>
    <property name="sun.io.unicode.encoding" value="UnicodeLittle"/>
    <property name="sun.desktop" value="gnome"/>
    <property name="sun.cpu.isalist" value=""/>
  </properties>
  <testcase time="1.03" classname="siena.base.test.JdbcTest" name="testSearchMultipleSingleField"/>
  <testcase time="0.211" classname="siena.base.test.JdbcTest" name="testSearchMultipleSingleFieldKeysOnly"/>
  <testcase time="0.231" classname="siena.base.test.JdbcTest" name="testSearchMultipleSingleFieldCount"/>
  <testcase time="0.255" classname="siena.base.test.JdbcTest" name="testSearchMultipleWordsSingleField"/>
  <testcase time="0.144" classname="siena.base.test.JdbcTest" name="testSearchSingleTwiceInTheSameQuery"/>
  <testcase time="0.106" classname="siena.base.test.JdbcTest" name="testCount"/>
  <testcase time="0.126" classname="siena.base.test.JdbcTest" name="testFetch"/>
  <testcase time="0.126" classname="siena.base.test.JdbcTest" name="testFetchKeys"/>
  <testcase time="0.154" classname="siena.base.test.JdbcTest" name="testFetchOrder"/>
  <testcase time="0.125" classname="siena.base.test.JdbcTest" name="testFetchOrderKeys"/>
  <testcase time="0.129" classname="siena.base.test.JdbcTest" name="testFetchOrderDesc"/>
  <testcase time="0.145" classname="siena.base.test.JdbcTest" name="testFetchOrderDescKeys"/>
  <testcase time="0.135" classname="siena.base.test.JdbcTest" name="testFetchOrderOnLongAutoId"/>
  <testcase time="0.158" classname="siena.base.test.JdbcTest" name="testFetchOrderOnLongManualId"/>
  <testcase time="0.124" classname="siena.base.test.JdbcTest" name="testFetchOrderOnStringId"/>
  <testcase time="0.135" classname="siena.base.test.JdbcTest" name="testFetchOrderOnUUID"/>
  <testcase time="0.12" classname="siena.base.test.JdbcTest" name="testFetchOrderOnLongAutoIdDesc"/>
  <testcase time="0.146" classname="siena.base.test.JdbcTest" name="testFetchOrderOnLongManualIdDesc"/>
  <testcase time="0.125" classname="siena.base.test.JdbcTest" name="testFetchOrderOnStringIdDesc"/>
  <testcase time="0.132" classname="siena.base.test.JdbcTest" name="testFetchOrderOnUUIDDesc"/>
  <testcase time="0.122" classname="siena.base.test.JdbcTest" name="testFilterOperatorEqualString"/>
  <testcase time="0.129" classname="siena.base.test.JdbcTest" name="testFilterOperatorEqualInt"/>
  <testcase time="0.118" classname="siena.base.test.JdbcTest" name="testFilterOperatorEqualUUID"/>
  <testcase time="0.124" classname="siena.base.test.JdbcTest" name="testFilterOperatorEqualLongAutoID"/>
  <testcase time="0.166" classname="siena.base.test.JdbcTest" name="testFilterOperatorEqualLongManualID"/>
  <testcase time="0.117" classname="siena.base.test.JdbcTest" name="testFilterOperatorEqualStringID"/>
  <testcase time="0.122" classname="siena.base.test.JdbcTest" name="testFilterOperatorNotEqualString"/>
  <testcase time="0.12" classname="siena.base.test.JdbcTest" name="testFilterOperatorNotEqualInt"/>
  <testcase time="0.12" classname="siena.base.test.JdbcTest" name="testFilterOperatorNotEqualUUID"/>
  <testcase time="0.113" classname="siena.base.test.JdbcTest" name="testFilterOperatorNotEqualLongAutoID"/>
  <testcase time="0.125" classname="siena.base.test.JdbcTest" name="testFilterOperatorNotEqualLongManualID"/>
  <testcase time="0.125" classname="siena.base.test.JdbcTest" name="testFilterOperatorNotEqualStringID"/>
  <testcase time="0.12" classname="siena.base.test.JdbcTest" name="testFilterOperatorIn"/>
  <testcase time="0.113" classname="siena.base.test.JdbcTest" name="testFilterOperatorInOrder"/>
  <testcase time="0.116" classname="siena.base.test.JdbcTest" name="testFilterOperatorInForUUID"/>
  <testcase time="0.168" classname="siena.base.test.JdbcTest" name="testFilterOperatorInForLongAutoID"/>
  <testcase time="0.103" classname="siena.base.test.JdbcTest" name="testFilterOperatorInForLongManualID"/>
  <testcase time="0.107" classname="siena.base.test.JdbcTest" name="testFilterOperatorInForStringID"/>
  <testcase time="0.184" classname="siena.base.test.JdbcTest" name="testFilterOperatorLessThan"/>
  <testcase time="0.122" classname="siena.base.test.JdbcTest" name="testFilterOperatorLessThanForUUID"/>
  <testcase time="0.116" classname="siena.base.test.JdbcTest" name="testFilterOperatorLessThanForLongAutoID"/>
  <testcase time="0.101" classname="siena.base.test.JdbcTest" name="testFilterOperatorLessThanForLongManualID"/>
  <testcase time="0.1" classname="siena.base.test.JdbcTest" name="testFilterOperatorLessThanForStringID"/>
  <testcase time="0.212" classname="siena.base.test.JdbcTest" name="testFilterOperatorLessThanOrEqual"/>
  <testcase time="0.113" classname="siena.base.test.JdbcTest" name="testFilterOperatorLessThanOrEqualForUUID"/>
  <testcase time="0.295" classname="siena.base.test.JdbcTest" name="testFilterOperatorLessThanOrEqualForLongAutoID"/>
  <testcase time="0.121" classname="siena.base.test.JdbcTest" name="testFilterOperatorLessThanOrEqualForLongManualID"/>
  <testcase time="0.114" classname="siena.base.test.JdbcTest" name="testFilterOperatorLessThanOrEqualForStringID"/>
  <testcase time="0.119" classname="siena.base.test.JdbcTest" name="testFilterOperatorMoreThan"/>
  <testcase time="0.109" classname="siena.base.test.JdbcTest" name="testFilterOperatorMoreThanForUUID"/>
  <testcase time="0.103" classname="siena.base.test.JdbcTest" name="testFilterOperatorMoreThanForLongAutoID"/>
  <testcase time="0.102" classname="siena.base.test.JdbcTest" name="testFilterOperatorMoreThanForLongManualID"/>
  <testcase time="0.132" classname="siena.base.test.JdbcTest" name="testFilterOperatorMoreThanForStringID"/>
  <testcase time="0.113" classname="siena.base.test.JdbcTest" name="testFilterOperatorMoreThanOrEqual"/>
  <testcase time="0.124" classname="siena.base.test.JdbcTest" name="testFilterOperatorMoreThanOrEqualForUUID"/>
  <testcase time="0.204" classname="siena.base.test.JdbcTest" name="testFilterOperatorMoreThanOrEqualForLongAutoID"/>
  <testcase time="0.104" classname="siena.base.test.JdbcTest" name="testFilterOperatorMoreThanOrEqualForLongManualID"/>
  <testcase time="0.105" classname="siena.base.test.JdbcTest" name="testFilterOperatorMoreThanOrEqualForStringID"/>
  <testcase time="0.103" classname="siena.base.test.JdbcTest" name="testCountFilter"/>
  <testcase time="0.105" classname="siena.base.test.JdbcTest" name="testCountFilterUUID"/>
  <testcase time="0.113" classname="siena.base.test.JdbcTest" name="testCountFilterLongAutoID"/>
  <testcase time="0.113" classname="siena.base.test.JdbcTest" name="testCountFilterLongManualID"/>
  <testcase time="0.112" classname="siena.base.test.JdbcTest" name="testCountFilterStringID"/>
  <testcase time="0.108" classname="siena.base.test.JdbcTest" name="testFetchLimit"/>
  <testcase time="0.103" classname="siena.base.test.JdbcTest" name="testFetchLimitUUID"/>
  <testcase time="0.115" classname="siena.base.test.JdbcTest" name="testFetchLimitLongAutoID"/>
  <testcase time="0.107" classname="siena.base.test.JdbcTest" name="testFetchLimitLongManualID"/>
  <testcase time="0.104" classname="siena.base.test.JdbcTest" name="testFetchLimitStringID"/>
  <testcase time="0.105" classname="siena.base.test.JdbcTest" name="testCountLimit"/>
  <testcase time="0.186" classname="siena.base.test.JdbcTest" name="testFetchLimitReal"/>
  <testcase time="0.2" classname="siena.base.test.JdbcTest" name="testFetchLimitOffsetReal"/>
  <testcase time="0.108" classname="siena.base.test.JdbcTest" name="testFetchLimitOffset"/>
  <testcase time="0.117" classname="siena.base.test.JdbcTest" name="testCountLimitOffset"/>
  <testcase time="0.106" classname="siena.base.test.JdbcTest" name="testInsertUUID"/>
  <testcase time="0.105" classname="siena.base.test.JdbcTest" name="testInsertLongAutoID"/>
  <testcase time="0.178" classname="siena.base.test.JdbcTest" name="testInsertLongManualID"/>
  <testcase time="0.104" classname="siena.base.test.JdbcTest" name="testInsertStringID"/>
  <testcase time="0.105" classname="siena.base.test.JdbcTest" name="testGetUUID"/>
  <testcase time="0.1" classname="siena.base.test.JdbcTest" name="testGetLongAutoID"/>
  <testcase time="0.125" classname="siena.base.test.JdbcTest" name="testGetLongManualID"/>
  <testcase time="0.108" classname="siena.base.test.JdbcTest" name="testGetStringID"/>
  <testcase time="0.117" classname="siena.base.test.JdbcTest" name="testUpdateUUID"/>
  <testcase time="0.109" classname="siena.base.test.JdbcTest" name="testUpdateLongAutoID"/>
  <testcase time="0.107" classname="siena.base.test.JdbcTest" name="testDeleteUUID"/>
  <testcase time="0.102" classname="siena.base.test.JdbcTest" name="testIterFullUUID"/>
  <testcase time="0.095" classname="siena.base.test.JdbcTest" name="testIterFullLongAutoID"/>
  <testcase time="0.096" classname="siena.base.test.JdbcTest" name="testIterFullLongManualID"/>
  <testcase time="0.1" classname="siena.base.test.JdbcTest" name="testIterFullLongStringID"/>
  <testcase time="0.104" classname="siena.base.test.JdbcTest" name="testIterLimitUUID"/>
  <testcase time="0.1" classname="siena.base.test.JdbcTest" name="testIterLimitLongAutoID"/>
  <testcase time="0.103" classname="siena.base.test.JdbcTest" name="testIterLimitLongManualID"/>
  <testcase time="0.1" classname="siena.base.test.JdbcTest" name="testIterLimitLongStringID"/>
  <testcase time="0.1" classname="siena.base.test.JdbcTest" name="testIterLimitOffsetUUID"/>
  <testcase time="0.101" classname="siena.base.test.JdbcTest" name="testIterLimitOffsetLongAutoID"/>
  <testcase time="0.099" classname="siena.base.test.JdbcTest" name="testIterLimitOffsetLongManualID"/>
  <testcase time="0.109" classname="siena.base.test.JdbcTest" name="testIterLimitOffsetLongStringID"/>
  <testcase time="0.091" classname="siena.base.test.JdbcTest" name="testIterFilter"/>
  <testcase time="0.078" classname="siena.base.test.JdbcTest" name="testIterFilterLimit"/>
  <testcase time="0.08" classname="siena.base.test.JdbcTest" name="testIterFilterLimitOffset"/>
  <testcase time="0.079" classname="siena.base.test.JdbcTest" name="testOrderLongAutoId"/>
  <testcase time="0.097" classname="siena.base.test.JdbcTest" name="testOrderLongManualId"/>
  <testcase time="0.275" classname="siena.base.test.JdbcTest" name="testOrderStringId"/>
  <testcase time="0.107" classname="siena.base.test.JdbcTest" name="testGetObjectNotFound"/>
  <testcase time="0.11" classname="siena.base.test.JdbcTest" name="testDeleteObjectNotFound"/>
  <testcase time="0.182" classname="siena.base.test.JdbcTest" name="testAutoincrement"/>
  <testcase time="0.127" classname="siena.base.test.JdbcTest" name="testRelationship"/>
  <testcase time="0.129" classname="siena.base.test.JdbcTest" name="testMultipleKeys"/>
  <testcase time="0.131" classname="siena.base.test.JdbcTest" name="testDataTypesNull"/>
  <testcase time="0.122" classname="siena.base.test.JdbcTest" name="testDataTypesNotNull"/>
  <testcase time="0.134" classname="siena.base.test.JdbcTest" name="testQueryDelete"/>
  <testcase time="0.141" classname="siena.base.test.JdbcTest" name="testQueryDeleteFiltered"/>
  <testcase time="0.138" classname="siena.base.test.JdbcTest" name="testJoin"/>
  <testcase time="0.209" classname="siena.base.test.JdbcTest" name="testJoinSortFields"/>
  <testcase time="0.139" classname="siena.base.test.JdbcTest" name="testJoinAnnotation"/>
  <testcase time="0.24" classname="siena.base.test.JdbcTest" name="testFetchPrivateFields"/>
  <testcase time="0.114" classname="siena.base.test.JdbcTest" name="testFetchPaginateStatelessNextPage"/>
  <testcase time="0.119" classname="siena.base.test.JdbcTest" name="testFetchPaginateStatelessNextPageToEnd"/>
  <testcase time="0.11" classname="siena.base.test.JdbcTest" name="testFetchPaginateStatelessPreviousPageFromScratch"/>
  <testcase time="0.116" classname="siena.base.test.JdbcTest" name="testFetchPaginateStatelessPreviousPage"/>
  <testcase time="0.224" classname="siena.base.test.JdbcTest" name="testFetchPaginateStatelessSeveralTimes"/>
  <testcase time="0.128" classname="siena.base.test.JdbcTest" name="testFetchPaginateStatefulNextPage"/>
  <testcase time="0.108" classname="siena.base.test.JdbcTest" name="testFetchPaginateStatefulNextPageToEnd"/>
  <testcase time="0.107" classname="siena.base.test.JdbcTest" name="testFetchPaginateStatefulPreviousPageFromScratch"/>
  <testcase time="0.105" classname="siena.base.test.JdbcTest" name="testFetchPaginateStatefulPreviousPage"/>
  <testcase time="0.115" classname="siena.base.test.JdbcTest" name="testFetchPaginateStatefulPreviouPageSeveralTimes"/>
  <testcase time="0.109" classname="siena.base.test.JdbcTest" name="testFetchKeysPaginateStatelessNextPage"/>
  <testcase time="0.118" classname="siena.base.test.JdbcTest" name="testFetchKeysPaginateStatelessPreviousPageFromScratch"/>
  <testcase time="0.111" classname="siena.base.test.JdbcTest" name="testFetchKeysPaginateStatelessPreviousPage"/>
  <testcase time="0.133" classname="siena.base.test.JdbcTest" name="testFetchKeysPaginateStatelessPreviouPageSeveralTimes"/>
  <testcase time="0.125" classname="siena.base.test.JdbcTest" name="testFetchKeysPaginateStatefulNextPage"/>
  <testcase time="0.106" classname="siena.base.test.JdbcTest" name="testFetchKeysPaginateStatefulPreviousPageFromScratch"/>
  <testcase time="0.112" classname="siena.base.test.JdbcTest" name="testFetchKeysPaginateStatefulPreviousPage"/>
  <testcase time="0.11" classname="siena.base.test.JdbcTest" name="testFetchKeysPaginateStatefulSeveralTimes"/>
  <testcase time="0.113" classname="siena.base.test.JdbcTest" name="testIterPaginateStatelessNextPage"/>
  <testcase time="0.106" classname="siena.base.test.JdbcTest" name="testIterPaginateStatelessPreviousPageFromScratch"/>
  <testcase time="0.112" classname="siena.base.test.JdbcTest" name="testIterPaginateStatelessPreviousPage"/>
  <testcase time="0.108" classname="siena.base.test.JdbcTest" name="testIterPaginateStatelessPreviouPageSeveralTimes"/>
  <testcase time="0.119" classname="siena.base.test.JdbcTest" name="testIterPaginateStatefulNextPage"/>
  <testcase time="0.145" classname="siena.base.test.JdbcTest" name="testIterPaginateStatefulPreviousPageFromScratch"/>
  <testcase time="0.102" classname="siena.base.test.JdbcTest" name="testIterPaginateStatefulPreviousPage"/>
  <testcase time="0.114" classname="siena.base.test.JdbcTest" name="testIterPaginateStatefulPreviouPageSeveralTimes"/>
  <testcase time="0.174" classname="siena.base.test.JdbcTest" name="testIterLotsOfEntitiesStateless"/>
  <testcase time="0.184" classname="siena.base.test.JdbcTest" name="testIterLotsOfEntitiesStateful"/>
  <testcase time="0.155" classname="siena.base.test.JdbcTest" name="testIterLotsOfEntitiesStatefulMixed"/>
  <testcase time="0.166" classname="siena.base.test.JdbcTest" name="testIterLotsOfEntitiesStatefulMixed2"/>
  <testcase time="0.183" classname="siena.base.test.JdbcTest" name="testIterLotsOfEntitiesStatefulMixed3"/>
  <testcase time="0.176" classname="siena.base.test.JdbcTest" name="testFetchLotsOfEntitiesStatefulMixed"/>
  <testcase time="0.176" classname="siena.base.test.JdbcTest" name="testFetchLotsOfEntitiesStatefulMixed2"/>
  <testcase time="0.19" classname="siena.base.test.JdbcTest" name="testFetchIterLotsOfEntitiesStatefulMixed"/>
  <testcase time="0.205" classname="siena.base.test.JdbcTest" name="testFetchIterLotsOfEntitiesStatefulMixed2"/>
  <testcase time="0.157" classname="siena.base.test.JdbcTest" name="testFetchIterLotsOfEntitiesStatefulMixed3"/>
  <testcase time="0.115" classname="siena.base.test.JdbcTest" name="testSearchSingle"/>
  <testcase time="0.251" classname="siena.base.test.JdbcTest" name="testSearchSingleTwice"/>
  <testcase time="0.136" classname="siena.base.test.JdbcTest" name="testSearchSingleKeysOnly"/>
  <testcase time="0.108" classname="siena.base.test.JdbcTest" name="testSearchSingleCount"/>
  <testcase time="0.153" classname="siena.base.test.JdbcTest" name="testBatchInsert"/>
  <testcase time="0.147" classname="siena.base.test.JdbcTest" name="testBatchInsertList"/>
  <testcase time="0.186" classname="siena.base.test.JdbcTest" name="testBatchDelete"/>
  <testcase time="0.2" classname="siena.base.test.JdbcTest" name="testBatchDeleteList"/>
  <testcase time="0.098" classname="siena.base.test.JdbcTest" name="testBatchDeleteByKeys"/>
  <testcase time="0.222" classname="siena.base.test.JdbcTest" name="testBatchDeleteByKeysList"/>
  <testcase time="0.153" classname="siena.base.test.JdbcTest" name="testBatchGet"/>
  <testcase time="0.142" classname="siena.base.test.JdbcTest" name="testBatchGetList"/>
  <testcase time="0.1" classname="siena.base.test.JdbcTest" name="testBatchGetByKeys"/>
  <testcase time="0.134" classname="siena.base.test.JdbcTest" name="testBatchGetByKeysList"/>
  <testcase time="0.157" classname="siena.base.test.JdbcTest" name="testLimitStateful"/>
  <testcase time="0.16" classname="siena.base.test.JdbcTest" name="testLimitStateless"/>
  <testcase time="0.139" classname="siena.base.test.JdbcTest" name="testOffsetStateless"/>
  <testcase time="0.138" classname="siena.base.test.JdbcTest" name="testOffsetStateful"/>
  <testcase time="0.159" classname="siena.base.test.JdbcTest" name="testOffsetLimitStateless"/>
  <testcase time="0.161" classname="siena.base.test.JdbcTest" name="testOffsetLimitStateful"/>
  <testcase time="0.173" classname="siena.base.test.JdbcTest" name="testOffsetLimitStatelessPaginate"/>
  <testcase time="0.233" classname="siena.base.test.JdbcTest" name="testOffsetLimitStatefulPaginate"/>
  <testcase time="0.436" classname="siena.base.test.JdbcTest" name="testOffsetLimitStatelessPaginate2"/>
  <testcase time="0.211" classname="siena.base.test.JdbcTest" name="testOffsetLimitStatefulPaginate2"/>
  <testcase time="0.121" classname="siena.base.test.JdbcTest" name="testFetchPaginateStatelessTwice"/>
  <testcase time="0.101" classname="siena.base.test.JdbcTest" name="testFetchPaginateStatefulTwice"/>
  <testcase time="0.155" classname="siena.base.test.JdbcTest" name="testLimitStatelessKeys"/>
  <testcase time="0.348" classname="siena.base.test.JdbcTest" name="testLimitStatefulKeys"/>
  <testcase time="0.165" classname="siena.base.test.JdbcTest" name="testOffsetStatelessKeys"/>
  <testcase time="0.17" classname="siena.base.test.JdbcTest" name="testOffsetStatefulKeys"/>
  <testcase time="0.162" classname="siena.base.test.JdbcTest" name="testOffsetLimitStatelessKeys"/>
  <testcase time="0.147" classname="siena.base.test.JdbcTest" name="testOffsetLimitStatefulKeys"/>
  <testcase time="0.164" classname="siena.base.test.JdbcTest" name="testOffsetLimitStatelessPaginateKeys"/>
  <testcase time="0.221" classname="siena.base.test.JdbcTest" name="testOffsetLimitStatefulPaginateKeys"/>
  <testcase time="0.247" classname="siena.base.test.JdbcTest" name="testOffsetLimitStatelessPaginate2Keys"/>
  <testcase time="0.233" classname="siena.base.test.JdbcTest" name="testOffsetLimitStatefulPaginate2Keys"/>
  <testcase time="0.12" classname="siena.base.test.JdbcTest" name="testFetchPaginateStatelessTwiceKeys"/>
  <testcase time="0.109" classname="siena.base.test.JdbcTest" name="testFetchPaginateStatefulTwiceKeys"/>
  <testcase time="0.146" classname="siena.base.test.JdbcTest" name="testLimitStatelessIter"/>
  <testcase time="0.176" classname="siena.base.test.JdbcTest" name="testLimitStatefulIter"/>
  <testcase time="0.146" classname="siena.base.test.JdbcTest" name="testOffsetStatelessIter"/>
  <testcase time="0.166" classname="siena.base.test.JdbcTest" name="testOffsetStatefulIter"/>
  <testcase time="0.167" classname="siena.base.test.JdbcTest" name="testOffsetLimitStatelessIter"/>
  <testcase time="0.165" classname="siena.base.test.JdbcTest" name="testOffsetLimitStatefulIter"/>
  <testcase time="0.162" classname="siena.base.test.JdbcTest" name="testOffsetLimitStatelessPaginateIter"/>
  <testcase time="0.213" classname="siena.base.test.JdbcTest" name="testOffsetLimitStatefulPaginateIter"/>
  <testcase time="0.223" classname="siena.base.test.JdbcTest" name="testOffsetLimitStatelessPaginate2Iter"/>
  <testcase time="0.225" classname="siena.base.test.JdbcTest" name="testOffsetLimitStatefulPaginate2Iter"/>
  <testcase time="0.12" classname="siena.base.test.JdbcTest" name="testFetchPaginateStatelessTwiceIter"/>
  <testcase time="0.116" classname="siena.base.test.JdbcTest" name="testFetchPaginateStatefulTwiceIter"/>
  <testcase time="0.108" classname="siena.base.test.JdbcTest" name="testFetchStringAutoInc"/>
  <testcase time="0.105" classname="siena.base.test.JdbcTest" name="testDumpQueryOption"/>
  <testcase time="0.105" classname="siena.base.test.JdbcTest" name="testRestoreQueryOption"/>
  <testcase time="0.305" classname="siena.base.test.JdbcTest" name="testIterPerPageStateless"/>
  <testcase time="0.319" classname="siena.base.test.JdbcTest" name="testIterPerPageStateless2"/>
  <testcase time="0.294" classname="siena.base.test.JdbcTest" name="testIterPerPageStateless3"/>
  <testcase time="0.325" classname="siena.base.test.JdbcTest" name="testIterPerPageStateful"/>
  <testcase time="0.526" classname="siena.base.test.JdbcTest" name="testIterPerPageStateful2"/>
  <testcase time="0.339" classname="siena.base.test.JdbcTest" name="testIterPerPageStatefull3"/>
  <testcase time="0.111" classname="siena.base.test.JdbcTest" name="testInsertObjectWithNullJoinObject"/>
  <testcase time="0.1" classname="siena.base.test.JdbcTest" name="testInsertObjectWithDoubleNullJoinObject"/>
  <testcase time="0.122" classname="siena.base.test.JdbcTest" name="testJoinAnnotationDouble"/>
  <testcase time="0.187" classname="siena.base.test.JdbcTest" name="testBatchUpdate"/>
  <testcase time="0.19" classname="siena.base.test.JdbcTest" name="testBatchUpdateList"/>
  <testcase time="0.093" classname="siena.base.test.JdbcTest" name="testGetByKeyUUID"/>
  <testcase time="0.097" classname="siena.base.test.JdbcTest" name="testGetByKeyLongAutoID"/>
  <testcase time="0.1" classname="siena.base.test.JdbcTest" name="testGetByKeyLongManualID"/>
  <testcase time="0.1" classname="siena.base.test.JdbcTest" name="testGetByKeyStringID"/>
  <testcase time="0.108" classname="siena.base.test.JdbcTest" name="testSaveLongAutoID"/>
  <testcase time="0.107" classname="siena.base.test.JdbcTest" name="testSaveUUID"/>
  <testcase time="0.108" classname="siena.base.test.JdbcTest" name="testSaveLongManualID"/>
  <testcase time="0.11" classname="siena.base.test.JdbcTest" name="testSaveStringID"/>
  <testcase time="0.278" classname="siena.base.test.JdbcTest" name="testBatchSave"/>
  <testcase time="0.215" classname="siena.base.test.JdbcTest" name="testBatchSaveList"/>
  <testcase time="0.113" classname="siena.base.test.JdbcTest" name="testPolymorphic"/>
  <testcase time="0.107" classname="siena.base.test.JdbcTest" name="testPolymorphic2"/>
  <testcase time="0.115" classname="siena.base.test.JdbcTest" name="testEmbeddedModel"/>
  <testcase time="0.125" classname="siena.base.test.JdbcTest" name="testNoColumn"/>
  <testcase time="0.357" classname="siena.base.test.JdbcTest" name="testNoColumnMultipleKeys"/>
  <testcase time="0.109" classname="siena.base.test.JdbcTest" name="testLifeCycleGet"/>
  <testcase time="0.095" classname="siena.base.test.JdbcTest" name="testLifeCycleGetMultiAndLifeCycleInjection"/>
  <testcase time="0.102" classname="siena.base.test.JdbcTest" name="testLifeCycleInsert"/>
  <testcase time="0.107" classname="siena.base.test.JdbcTest" name="testLifeCycleDelete"/>
  <testcase time="0.108" classname="siena.base.test.JdbcTest" name="testLifeCycleUpdate"/>
  <testcase time="0.095" classname="siena.base.test.JdbcTest" name="testLifeCycleSave"/>
  <testcase time="0.098" classname="siena.base.test.JdbcTest" name="testDumpRestoreQueryFilterSimple"/>
  <testcase time="0.099" classname="siena.base.test.JdbcTest" name="testDumpRestoreQueryFilterSearch"/>
  <testcase time="0.109" classname="siena.base.test.JdbcTest" name="testDumpRestoreQueryOrder"/>
  <testcase time="0.1" classname="siena.base.test.JdbcTest" name="testDumpRestoreQueryJoin"/>
  <testcase time="0.096" classname="siena.base.test.JdbcTest" name="testDumpRestoreQueryData"/>
  <testcase time="0.103" classname="siena.base.test.JdbcTest" name="testSerializeEmbeddedModel"/>
  <testcase time="0.137" classname="siena.base.test.JdbcTest" name="testBigDecimal"/>
  <testcase time="0.129" classname="siena.base.test.JdbcTest" name="testBigDecimalNoPrecision"/>
  <testcase time="0.129" classname="siena.base.test.JdbcTest" name="testBigDecimalString"/>
  <testcase time="0.125" classname="siena.base.test.JdbcTest" name="testBigDecimalDouble"/>
  <testcase time="0.118" classname="siena.base.test.JdbcTest" name="testTransactionUpdate"/>
  <testcase time="0.109" classname="siena.base.test.JdbcTest" name="testTransactionUpdateFailure"/>
  <testcase time="0.113" classname="siena.base.test.JdbcTest" name="testTransactionInsert"/>
  <testcase time="0.112" classname="siena.base.test.JdbcTest" name="testTransactionInsertFailure"/>
  <testcase time="0.113" classname="siena.base.test.JdbcTest" name="testTransactionSave"/>
  <testcase time="0.112" classname="siena.base.test.JdbcTest" name="testTransactionSaveFailure"/>
  <testcase time="0.122" classname="siena.base.test.JdbcTest" name="testTransactionDelete"/>
  <testcase time="0.108" classname="siena.base.test.JdbcTest" name="testTransactionDeleteFailure"/>
  <testcase time="0.114" classname="siena.base.test.JdbcTest" name="testTransactionInsertBatch"/>
  <testcase time="0.2" classname="siena.base.test.JdbcTest" name="testTransactionInsertBatchFailure"/>
  <testcase time="0.128" classname="siena.base.test.JdbcTest" name="testTransactionDeleteBatch"/>
  <testcase time="0.111" classname="siena.base.test.JdbcTest" name="testTransactionDeleteBatchFailure"/>
  <testcase time="0.117" classname="siena.base.test.JdbcTest" name="testTransactionUpdateBatch"/>
  <testcase time="0.42" classname="siena.base.test.JdbcTest" name="testTransactionUpdateBatchFailure"/>
  <testcase time="0.102" classname="siena.base.test.JdbcTest" name="testTransactionSaveBatch"/>
  <testcase time="0.313" classname="siena.base.test.JdbcTest" name="testTransactionSaveBatchFailure"/>
  <testcase time="0.099" classname="siena.base.test.JdbcTest" name="testBatchGetByKeysNonExisting"/>
  <testcase time="0.096" classname="siena.base.test.JdbcTest" name="testGetNonExisting"/>
  <testcase time="0.104" classname="siena.base.test.JdbcTest" name="testGetByKeyNonExisting"/>
</testsuite>